0 info it worked if it ends with ok
1 verbose cli [ '/usr/bin/node', '/usr/bin/npm', 'install', 'nodemon' ]
2 info using npm@3.5.2
3 info using node@v8.10.0
4 silly loadCurrentTree Starting
5 silly install loadCurrentTree
6 silly install readLocalPackageData
7 silly fetchPackageMetaData nodemon@^2.0.2
8 silly fetchNamedPackageData nodemon
9 silly mapToRegistry name nodemon
10 silly mapToRegistry using default registry
11 silly mapToRegistry registry https://registry.npmjs.org/
12 silly mapToRegistry uri https://registry.npmjs.org/nodemon
13 verbose request uri https://registry.npmjs.org/nodemon
14 verbose request no auth needed
15 info attempt registry request try #1 at 22:45:45
16 verbose request id 95dae0e9d311dbb6
17 verbose etag W/"19005cc94afc2096c052892c48c82db6"
18 verbose lastModified Wed, 11 Dec 2019 14:24:29 GMT
19 http request GET https://registry.npmjs.org/nodemon
20 http 304 https://registry.npmjs.org/nodemon
21 verbose headers { date: 'Thu, 06 Feb 2020 17:15:46 GMT',
21 verbose headers   connection: 'keep-alive',
21 verbose headers   'set-cookie':
21 verbose headers    [ '__cfduid=d30b0d6518227a48359cdc12322b08da31581009346; expires=Sat, 07-Mar-20 17:15:46 GMT; path=/; domain=.npmjs.org; HttpOnly; SameSite=Lax' ],
21 verbose headers   'cf-ray': '560ec4a14f5c2f1b-DEL',
21 verbose headers   age: '1744',
21 verbose headers   'cache-control': 'public, max-age=300',
21 verbose headers   etag: '"19005cc94afc2096c052892c48c82db6"',
21 verbose headers   'last-modified': 'Wed, 11 Dec 2019 14:24:29 GMT',
21 verbose headers   vary: 'Accept-Encoding',
21 verbose headers   'cf-cache-status': 'HIT',
21 verbose headers   'expect-ct': 'max-age=604800, report-uri="https://report-uri.cloudflare.com/cdn-cgi/beacon/expect-ct"',
21 verbose headers   server: 'cloudflare' }
22 silly get cb [ 304,
22 silly get   { date: 'Thu, 06 Feb 2020 17:15:46 GMT',
22 silly get     connection: 'keep-alive',
22 silly get     'set-cookie':
22 silly get      [ '__cfduid=d30b0d6518227a48359cdc12322b08da31581009346; expires=Sat, 07-Mar-20 17:15:46 GMT; path=/; domain=.npmjs.org; HttpOnly; SameSite=Lax' ],
22 silly get     'cf-ray': '560ec4a14f5c2f1b-DEL',
22 silly get     age: '1744',
22 silly get     'cache-control': 'public, max-age=300',
22 silly get     etag: '"19005cc94afc2096c052892c48c82db6"',
22 silly get     'last-modified': 'Wed, 11 Dec 2019 14:24:29 GMT',
22 silly get     vary: 'Accept-Encoding',
22 silly get     'cf-cache-status': 'HIT',
22 silly get     'expect-ct': 'max-age=604800, report-uri="https://report-uri.cloudflare.com/cdn-cgi/beacon/expect-ct"',
22 silly get     server: 'cloudflare' } ]
23 verbose etag https://registry.npmjs.org/nodemon from cache
24 verbose get saving nodemon to /home/ritik2017/.npm/registry.npmjs.org/nodemon/.cache.json
25 silly install normalizeTree
26 silly loadCurrentTree Finishing
27 silly loadIdealTree Starting
28 silly install loadIdealTree
29 silly cloneCurrentTree Starting
30 silly install cloneCurrentTreeToIdealTree
31 silly cloneCurrentTree Finishing
32 silly loadShrinkwrap Starting
33 silly install loadShrinkwrap
34 silly loadShrinkwrap Finishing
35 silly loadAllDepsIntoIdealTree Starting
36 silly install loadAllDepsIntoIdealTree
37 silly resolveWithNewModule nodemon@2.0.2 checking installable status
38 silly cache add args [ 'nodemon@^2.0.2', null ]
39 verbose cache add spec nodemon@^2.0.2
40 silly cache add parsed spec Result {
40 silly cache add   raw: 'nodemon@^2.0.2',
40 silly cache add   scope: null,
40 silly cache add   name: 'nodemon',
40 silly cache add   rawSpec: '^2.0.2',
40 silly cache add   spec: '>=2.0.2 <3.0.0',
40 silly cache add   type: 'range' }
41 silly addNamed nodemon@>=2.0.2 <3.0.0
42 verbose addNamed ">=2.0.2 <3.0.0" is a valid semver range for nodemon
43 silly addNameRange { name: 'nodemon', range: '>=2.0.2 <3.0.0', hasData: false }
44 silly mapToRegistry name nodemon
45 silly mapToRegistry using default registry
46 silly mapToRegistry registry https://registry.npmjs.org/
47 silly mapToRegistry uri https://registry.npmjs.org/nodemon
48 verbose addNameRange registry:https://registry.npmjs.org/nodemon not in flight; fetching
49 verbose get https://registry.npmjs.org/nodemon not expired, no request
50 silly addNameRange number 2 { name: 'nodemon', range: '>=2.0.2 <3.0.0', hasData: true }
51 silly addNameRange versions [ 'nodemon',
51 silly addNameRange   [ '0.1.4',
51 silly addNameRange     '0.1.5',
51 silly addNameRange     '0.1.6',
51 silly addNameRange     '0.1.7',
51 silly addNameRange     '0.1.8',
51 silly addNameRange     '0.2.0',
51 silly addNameRange     '0.2.1',
51 silly addNameRange     '0.2.2',
51 silly addNameRange     '0.3.0',
51 silly addNameRange     '0.3.1',
51 silly addNameRange     '0.3.2',
51 silly addNameRange     '0.4.0',
51 silly addNameRange     '0.4.1',
51 silly addNameRange     '0.5.0',
51 silly addNameRange     '0.5.1',
51 silly addNameRange     '0.5.2',
51 silly addNameRange     '0.5.3',
51 silly addNameRange     '0.5.4',
51 silly addNameRange     '0.5.5',
51 silly addNameRange     '0.5.6',
51 silly addNameRange     '0.5.7',
51 silly addNameRange     '0.6.0',
51 silly addNameRange     '0.6.1',
51 silly addNameRange     '0.6.2',
51 silly addNameRange     '0.6.3',
51 silly addNameRange     '0.6.4',
51 silly addNameRange     '0.6.5',
51 silly addNameRange     '0.6.6',
51 silly addNameRange     '0.6.7',
51 silly addNameRange     '0.6.8',
51 silly addNameRange     '0.6.9',
51 silly addNameRange     '0.6.10',
51 silly addNameRange     '0.6.11',
51 silly addNameRange     '0.6.12',
51 silly addNameRange     '0.6.13',
51 silly addNameRange     '0.6.14',
51 silly addNameRange     '0.6.15',
51 silly addNameRange     '0.6.16',
51 silly addNameRange     '0.6.17',
51 silly addNameRange     '0.6.18',
51 silly addNameRange     '0.6.19',
51 silly addNameRange     '0.6.20',
51 silly addNameRange     '0.6.21',
51 silly addNameRange     '0.6.22',
51 silly addNameRange     '0.6.23',
51 silly addNameRange     '0.7.0',
51 silly addNameRange     '0.7.1',
51 silly addNameRange     '0.7.2',
51 silly addNameRange     '0.7.3',
51 silly addNameRange     '0.7.4',
51 silly addNameRange     '0.7.5',
51 silly addNameRange     '0.7.6',
51 silly addNameRange     '0.7.7',
51 silly addNameRange     '0.7.8',
51 silly addNameRange     '0.7.10',
51 silly addNameRange     '0.9.0',
51 silly addNameRange     '0.9.1',
51 silly addNameRange     '0.9.2',
51 silly addNameRange     '0.9.3',
51 silly addNameRange     '0.9.5',
51 silly addNameRange     '0.9.6',
51 silly addNameRange     '0.9.7',
51 silly addNameRange     '0.9.10',
51 silly addNameRange     '0.9.11',
51 silly addNameRange     '0.9.12',
51 silly addNameRange     '0.9.14',
51 silly addNameRange     '0.9.16',
51 silly addNameRange     '0.9.17',
51 silly addNameRange     '1.0.0',
51 silly addNameRange     '1.0.1',
51 silly addNameRange     '1.0.2',
51 silly addNameRange     '1.0.2-rc',
51 silly addNameRange     '0.6.10-a',
51 silly addNameRange     '1.0.2-rc3',
51 silly addNameRange     '1.0.2-rc4',
51 silly addNameRange     '1.0.3',
51 silly addNameRange     '1.0.4',
51 silly addNameRange     '1.0.5',
51 silly addNameRange     '1.0.6',
51 silly addNameRange     '1.0.7',
51 silly addNameRange     '1.0.8',
51 silly addNameRange     '1.0.9',
51 silly addNameRange     '1.0.10',
51 silly addNameRange     '1.0.11',
51 silly addNameRange     '1.0.12',
51 silly addNameRange     '1.0.13',
51 silly addNameRange     '1.0.14',
51 silly addNameRange     '1.0.15',
51 silly addNameRange     '1.0.16',
51 silly addNameRange     '1.0.17-rc1',
51 silly addNameRange     '1.0.17-rc2',
51 silly addNameRange     '1.0.17',
51 silly addNameRange     '1.0.18',
51 silly addNameRange     '1.0.19',
51 silly addNameRange     '1.0.20',
51 silly addNameRange     '1.1.0-alpha',
51 silly addNameRange     '1.1.0',
51 silly addNameRange     '1.1.1',
51 silly addNameRange     '1.2.0',
51 silly addNameRange     '1.2.1',
51 silly addNameRange     ... 113 more items ] ]
52 silly addNamed nodemon@2.0.2
53 verbose addNamed "2.0.2" is a plain semver version for nodemon
54 silly cache afterAdd nodemon@2.0.2
55 verbose afterAdd /home/ritik2017/.npm/nodemon/2.0.2/package/package.json not in flight; writing
56 verbose afterAdd /home/ritik2017/.npm/nodemon/2.0.2/package/package.json written
57 silly fetchNamedPackageData debug
58 silly mapToRegistry name debug
59 silly mapToRegistry using default registry
60 silly mapToRegistry registry https://registry.npmjs.org/
61 silly mapToRegistry uri https://registry.npmjs.org/debug
62 verbose request uri https://registry.npmjs.org/debug
63 verbose request no auth needed
64 info attempt registry request try #1 at 22:45:47
65 verbose etag W/"31caef075876be8ad89cf9586cd2b5d9"
66 verbose lastModified Fri, 29 Nov 2019 09:32:45 GMT
67 http request GET https://registry.npmjs.org/debug
68 http 304 https://registry.npmjs.org/debug
69 verbose headers { date: 'Thu, 06 Feb 2020 17:15:47 GMT',
69 verbose headers   connection: 'keep-alive',
69 verbose headers   'set-cookie':
69 verbose headers    [ '__cfduid=dfc0925d35e07009ebe8a9fe92776fc151581009347; expires=Sat, 07-Mar-20 17:15:47 GMT; path=/; domain=.npmjs.org; HttpOnly; SameSite=Lax' ],
69 verbose headers   'cf-ray': '560ec4a51b692f1b-DEL',
69 verbose headers   age: '1649',
69 verbose headers   'cache-control': 'public, max-age=300',
69 verbose headers   etag: '"31caef075876be8ad89cf9586cd2b5d9"',
69 verbose headers   'last-modified': 'Fri, 29 Nov 2019 09:32:45 GMT',
69 verbose headers   vary: 'Accept-Encoding',
69 verbose headers   'cf-cache-status': 'HIT',
69 verbose headers   'expect-ct': 'max-age=604800, report-uri="https://report-uri.cloudflare.com/cdn-cgi/beacon/expect-ct"',
69 verbose headers   server: 'cloudflare' }
70 silly get cb [ 304,
70 silly get   { date: 'Thu, 06 Feb 2020 17:15:47 GMT',
70 silly get     connection: 'keep-alive',
70 silly get     'set-cookie':
70 silly get      [ '__cfduid=dfc0925d35e07009ebe8a9fe92776fc151581009347; expires=Sat, 07-Mar-20 17:15:47 GMT; path=/; domain=.npmjs.org; HttpOnly; SameSite=Lax' ],
70 silly get     'cf-ray': '560ec4a51b692f1b-DEL',
70 silly get     age: '1649',
70 silly get     'cache-control': 'public, max-age=300',
70 silly get     etag: '"31caef075876be8ad89cf9586cd2b5d9"',
70 silly get     'last-modified': 'Fri, 29 Nov 2019 09:32:45 GMT',
70 silly get     vary: 'Accept-Encoding',
70 silly get     'cf-cache-status': 'HIT',
70 silly get     'expect-ct': 'max-age=604800, report-uri="https://report-uri.cloudflare.com/cdn-cgi/beacon/expect-ct"',
70 silly get     server: 'cloudflare' } ]
71 verbose etag https://registry.npmjs.org/debug from cache
72 verbose get saving debug to /home/ritik2017/.npm/registry.npmjs.org/debug/.cache.json
73 silly resolveWithNewModule debug@3.2.6 checking installable status
74 silly cache add args [ 'debug@^3.2.6', null ]
75 verbose cache add spec debug@^3.2.6
76 silly cache add parsed spec Result {
76 silly cache add   raw: 'debug@^3.2.6',
76 silly cache add   scope: null,
76 silly cache add   name: 'debug',
76 silly cache add   rawSpec: '^3.2.6',
76 silly cache add   spec: '>=3.2.6 <4.0.0',
76 silly cache add   type: 'range' }
77 silly addNamed debug@>=3.2.6 <4.0.0
78 verbose addNamed ">=3.2.6 <4.0.0" is a valid semver range for debug
79 silly addNameRange { name: 'debug', range: '>=3.2.6 <4.0.0', hasData: false }
80 silly mapToRegistry name debug
81 silly mapToRegistry using default registry
82 silly mapToRegistry registry https://registry.npmjs.org/
83 silly mapToRegistry uri https://registry.npmjs.org/debug
84 verbose addNameRange registry:https://registry.npmjs.org/debug not in flight; fetching
85 verbose get https://registry.npmjs.org/debug not expired, no request
86 silly addNameRange number 2 { name: 'debug', range: '>=3.2.6 <4.0.0', hasData: true }
87 silly addNameRange versions [ 'debug',
87 silly addNameRange   [ '0.0.1',
87 silly addNameRange     '0.1.0',
87 silly addNameRange     '0.2.0',
87 silly addNameRange     '0.3.0',
87 silly addNameRange     '0.4.0',
87 silly addNameRange     '0.4.1',
87 silly addNameRange     '0.5.0',
87 silly addNameRange     '0.6.0',
87 silly addNameRange     '0.7.0',
87 silly addNameRange     '0.7.1',
87 silly addNameRange     '0.7.2',
87 silly addNameRange     '0.7.3',
87 silly addNameRange     '0.7.4',
87 silly addNameRange     '0.8.0',
87 silly addNameRange     '0.8.1',
87 silly addNameRange     '1.0.0',
87 silly addNameRange     '1.0.1',
87 silly addNameRange     '1.0.2',
87 silly addNameRange     '1.0.3',
87 silly addNameRange     '1.0.4',
87 silly addNameRange     '2.0.0',
87 silly addNameRange     '2.1.0',
87 silly addNameRange     '2.1.1',
87 silly addNameRange     '2.1.2',
87 silly addNameRange     '2.1.3',
87 silly addNameRange     '2.2.0',
87 silly addNameRange     '2.3.0',
87 silly addNameRange     '2.3.1',
87 silly addNameRange     '2.3.2',
87 silly addNameRange     '2.3.3',
87 silly addNameRange     '2.4.0',
87 silly addNameRange     '2.4.1',
87 silly addNameRange     '2.4.2',
87 silly addNameRange     '2.4.3',
87 silly addNameRange     '2.4.4',
87 silly addNameRange     '2.4.5',
87 silly addNameRange     '2.5.0',
87 silly addNameRange     '2.5.1',
87 silly addNameRange     '2.5.2',
87 silly addNameRange     '2.6.0',
87 silly addNameRange     '2.6.1',
87 silly addNameRange     '2.6.2',
87 silly addNameRange     '2.6.3',
87 silly addNameRange     '2.6.4',
87 silly addNameRange     '2.6.5',
87 silly addNameRange     '2.6.6',
87 silly addNameRange     '2.6.7',
87 silly addNameRange     '2.6.8',
87 silly addNameRange     '1.0.5',
87 silly addNameRange     '3.0.0',
87 silly addNameRange     '3.0.1',
87 silly addNameRange     '2.6.9',
87 silly addNameRange     '3.1.0',
87 silly addNameRange     '3.2.0',
87 silly addNameRange     '3.2.1',
87 silly addNameRange     '3.2.2',
87 silly addNameRange     '3.2.3',
87 silly addNameRange     '4.0.0',
87 silly addNameRange     '3.2.4',
87 silly addNameRange     '3.2.5',
87 silly addNameRange     '4.0.1',
87 silly addNameRange     '4.1.0',
87 silly addNameRange     '3.2.6',
87 silly addNameRange     '4.1.1' ] ]
88 silly addNamed debug@3.2.6
89 verbose addNamed "3.2.6" is a plain semver version for debug
90 silly cache afterAdd debug@3.2.6
91 verbose afterAdd /home/ritik2017/.npm/debug/3.2.6/package/package.json not in flight; writing
92 verbose afterAdd /home/ritik2017/.npm/debug/3.2.6/package/package.json written
93 silly fetchNamedPackageData ms
94 silly mapToRegistry name ms
95 silly mapToRegistry using default registry
96 silly mapToRegistry registry https://registry.npmjs.org/
97 silly mapToRegistry uri https://registry.npmjs.org/ms
98 verbose request uri https://registry.npmjs.org/ms
99 verbose request no auth needed
100 info attempt registry request try #1 at 22:45:47
101 verbose etag W/"0a8c12c1febd8dc4c1e98d4f902c9fd1"
102 verbose lastModified Thu, 30 Jan 2020 23:07:40 GMT
103 http request GET https://registry.npmjs.org/ms
104 http 304 https://registry.npmjs.org/ms
105 verbose headers { date: 'Thu, 06 Feb 2020 17:15:47 GMT',
105 verbose headers   connection: 'keep-alive',
105 verbose headers   'set-cookie':
105 verbose headers    [ '__cfduid=dfc0925d35e07009ebe8a9fe92776fc151581009347; expires=Sat, 07-Mar-20 17:15:47 GMT; path=/; domain=.npmjs.org; HttpOnly; SameSite=Lax' ],
105 verbose headers   'cf-ray': '560ec4a89e932f1b-DEL',
105 verbose headers   age: '1474',
105 verbose headers   'cache-control': 'public, max-age=300',
105 verbose headers   etag: '"0a8c12c1febd8dc4c1e98d4f902c9fd1"',
105 verbose headers   'last-modified': 'Thu, 30 Jan 2020 23:07:40 GMT',
105 verbose headers   vary: 'Accept-Encoding',
105 verbose headers   'cf-cache-status': 'HIT',
105 verbose headers   'expect-ct': 'max-age=604800, report-uri="https://report-uri.cloudflare.com/cdn-cgi/beacon/expect-ct"',
105 verbose headers   server: 'cloudflare' }
106 silly get cb [ 304,
106 silly get   { date: 'Thu, 06 Feb 2020 17:15:47 GMT',
106 silly get     connection: 'keep-alive',
106 silly get     'set-cookie':
106 silly get      [ '__cfduid=dfc0925d35e07009ebe8a9fe92776fc151581009347; expires=Sat, 07-Mar-20 17:15:47 GMT; path=/; domain=.npmjs.org; HttpOnly; SameSite=Lax' ],
106 silly get     'cf-ray': '560ec4a89e932f1b-DEL',
106 silly get     age: '1474',
106 silly get     'cache-control': 'public, max-age=300',
106 silly get     etag: '"0a8c12c1febd8dc4c1e98d4f902c9fd1"',
106 silly get     'last-modified': 'Thu, 30 Jan 2020 23:07:40 GMT',
106 silly get     vary: 'Accept-Encoding',
106 silly get     'cf-cache-status': 'HIT',
106 silly get     'expect-ct': 'max-age=604800, report-uri="https://report-uri.cloudflare.com/cdn-cgi/beacon/expect-ct"',
106 silly get     server: 'cloudflare' } ]
107 verbose etag https://registry.npmjs.org/ms from cache
108 verbose get saving ms to /home/ritik2017/.npm/registry.npmjs.org/ms/.cache.json
109 silly resolveWithNewModule ms@2.1.2 checking installable status
110 silly cache add args [ 'ms@^2.1.1', null ]
111 verbose cache add spec ms@^2.1.1
112 silly cache add parsed spec Result {
112 silly cache add   raw: 'ms@^2.1.1',
112 silly cache add   scope: null,
112 silly cache add   name: 'ms',
112 silly cache add   rawSpec: '^2.1.1',
112 silly cache add   spec: '>=2.1.1 <3.0.0',
112 silly cache add   type: 'range' }
113 silly addNamed ms@>=2.1.1 <3.0.0
114 verbose addNamed ">=2.1.1 <3.0.0" is a valid semver range for ms
115 silly addNameRange { name: 'ms', range: '>=2.1.1 <3.0.0', hasData: false }
116 silly mapToRegistry name ms
117 silly mapToRegistry using default registry
118 silly mapToRegistry registry https://registry.npmjs.org/
119 silly mapToRegistry uri https://registry.npmjs.org/ms
120 verbose addNameRange registry:https://registry.npmjs.org/ms not in flight; fetching
121 verbose get https://registry.npmjs.org/ms not expired, no request
122 silly addNameRange number 2 { name: 'ms', range: '>=2.1.1 <3.0.0', hasData: true }
123 silly addNameRange versions [ 'ms',
123 silly addNameRange   [ '0.1.0',
123 silly addNameRange     '0.2.0',
123 silly addNameRange     '0.3.0',
123 silly addNameRange     '0.4.0',
123 silly addNameRange     '0.5.0',
123 silly addNameRange     '0.5.1',
123 silly addNameRange     '0.6.0',
123 silly addNameRange     '0.6.1',
123 silly addNameRange     '0.6.2',
123 silly addNameRange     '0.7.0',
123 silly addNameRange     '0.7.1',
123 silly addNameRange     '0.7.2',
123 silly addNameRange     '0.7.3',
123 silly addNameRange     '1.0.0',
123 silly addNameRange     '2.0.0',
123 silly addNameRange     '2.1.0',
123 silly addNameRange     '2.1.1',
123 silly addNameRange     '2.1.2' ] ]
124 silly addNamed ms@2.1.2
125 verbose addNamed "2.1.2" is a plain semver version for ms
126 silly cache afterAdd ms@2.1.2
127 verbose afterAdd /home/ritik2017/.npm/ms/2.1.2/package/package.json not in flight; writing
128 verbose afterAdd /home/ritik2017/.npm/ms/2.1.2/package/package.json written
129 silly loadAllDepsIntoIdealTree Finishing
130 silly idealTree:prePrune nitablogs@1.0.0
130 silly idealTree:prePrune ├── abbrev@1.1.1
130 silly idealTree:prePrune ├── accepts@1.3.7
130 silly idealTree:prePrune ├── ansi-align@2.0.0
130 silly idealTree:prePrune ├── ansi-regex@3.0.0
130 silly idealTree:prePrune ├── ansi-styles@3.2.1
130 silly idealTree:prePrune ├── anymatch@3.1.1
130 silly idealTree:prePrune ├── array-flatten@1.1.1
130 silly idealTree:prePrune ├── balanced-match@1.0.0
130 silly idealTree:prePrune ├── binary-extensions@2.0.0
130 silly idealTree:prePrune ├── bl@2.2.0
130 silly idealTree:prePrune ├── body-parser@1.19.0
130 silly idealTree:prePrune ├── boxen@1.3.0
130 silly idealTree:prePrune ├── brace-expansion@1.1.11
130 silly idealTree:prePrune ├── braces@3.0.2
130 silly idealTree:prePrune ├── bson@1.1.3
130 silly idealTree:prePrune ├── bytes@3.1.0
130 silly idealTree:prePrune ├── camelcase@4.1.0
130 silly idealTree:prePrune ├── capture-stack-trace@1.0.1
130 silly idealTree:prePrune ├── chalk@2.4.2
130 silly idealTree:prePrune ├── chokidar@3.3.1
130 silly idealTree:prePrune ├── ci-info@1.6.0
130 silly idealTree:prePrune ├── cli-boxes@1.0.0
130 silly idealTree:prePrune ├── color-convert@1.9.3
130 silly idealTree:prePrune ├── color-name@1.1.3
130 silly idealTree:prePrune ├── concat-map@0.0.1
130 silly idealTree:prePrune ├── configstore@3.1.2
130 silly idealTree:prePrune ├── content-disposition@0.5.3
130 silly idealTree:prePrune ├── content-type@1.0.4
130 silly idealTree:prePrune ├── cookie-signature@1.0.6
130 silly idealTree:prePrune ├── cookie@0.4.0
130 silly idealTree:prePrune ├── core-util-is@1.0.2
130 silly idealTree:prePrune ├── create-error-class@3.0.2
130 silly idealTree:prePrune ├── cross-spawn@5.1.0
130 silly idealTree:prePrune ├── crypto-random-string@1.0.0
130 silly idealTree:prePrune ├── debug@2.6.9
130 silly idealTree:prePrune ├── deep-extend@0.6.0
130 silly idealTree:prePrune ├── denque@1.4.1
130 silly idealTree:prePrune ├── depd@1.1.2
130 silly idealTree:prePrune ├── destroy@1.0.4
130 silly idealTree:prePrune ├── dot-prop@4.2.0
130 silly idealTree:prePrune ├── dotenv@8.2.0
130 silly idealTree:prePrune ├── duplexer3@0.1.4
130 silly idealTree:prePrune ├── ee-first@1.1.1
130 silly idealTree:prePrune ├── ejs@3.0.1
130 silly idealTree:prePrune ├── encodeurl@1.0.2
130 silly idealTree:prePrune ├── escape-html@1.0.3
130 silly idealTree:prePrune ├── escape-string-regexp@1.0.5
130 silly idealTree:prePrune ├── etag@1.8.1
130 silly idealTree:prePrune ├── execa@0.7.0
130 silly idealTree:prePrune ├─┬ express@4.17.1
130 silly idealTree:prePrune │ └── path-to-regexp@0.1.7
130 silly idealTree:prePrune ├── fill-range@7.0.1
130 silly idealTree:prePrune ├── finalhandler@1.1.2
130 silly idealTree:prePrune ├── forwarded@0.1.2
130 silly idealTree:prePrune ├── fresh@0.5.2
130 silly idealTree:prePrune ├── get-stream@3.0.0
130 silly idealTree:prePrune ├── glob-parent@5.1.0
130 silly idealTree:prePrune ├── global-dirs@0.1.1
130 silly idealTree:prePrune ├── got@6.7.1
130 silly idealTree:prePrune ├── graceful-fs@4.2.3
130 silly idealTree:prePrune ├── has-flag@3.0.0
130 silly idealTree:prePrune ├── http-errors@1.7.2
130 silly idealTree:prePrune ├── iconv-lite@0.4.24
130 silly idealTree:prePrune ├── ignore-by-default@1.0.1
130 silly idealTree:prePrune ├── import-lazy@2.1.0
130 silly idealTree:prePrune ├── imurmurhash@0.1.4
130 silly idealTree:prePrune ├── inherits@2.0.3
130 silly idealTree:prePrune ├── ini@1.3.5
130 silly idealTree:prePrune ├── ipaddr.js@1.9.0
130 silly idealTree:prePrune ├── is-binary-path@2.1.0
130 silly idealTree:prePrune ├── is-ci@1.2.1
130 silly idealTree:prePrune ├── is-extglob@2.1.1
130 silly idealTree:prePrune ├── is-fullwidth-code-point@2.0.0
130 silly idealTree:prePrune ├── is-glob@4.0.1
130 silly idealTree:prePrune ├── is-installed-globally@0.1.0
130 silly idealTree:prePrune ├── is-npm@1.0.0
130 silly idealTree:prePrune ├── is-number@7.0.0
130 silly idealTree:prePrune ├── is-obj@1.0.1
130 silly idealTree:prePrune ├── is-path-inside@1.0.1
130 silly idealTree:prePrune ├── is-redirect@1.0.0
130 silly idealTree:prePrune ├── is-retry-allowed@1.2.0
130 silly idealTree:prePrune ├── is-stream@1.1.0
130 silly idealTree:prePrune ├── isarray@1.0.0
130 silly idealTree:prePrune ├── isexe@2.0.0
130 silly idealTree:prePrune ├── latest-version@3.1.0
130 silly idealTree:prePrune ├── lowercase-keys@1.0.1
130 silly idealTree:prePrune ├── lru-cache@4.1.5
130 silly idealTree:prePrune ├── make-dir@1.3.0
130 silly idealTree:prePrune ├── media-typer@0.3.0
130 silly idealTree:prePrune ├── merge-descriptors@1.0.1
130 silly idealTree:prePrune ├── methods@1.1.2
130 silly idealTree:prePrune ├── mime-db@1.43.0
130 silly idealTree:prePrune ├── mime-types@2.1.26
130 silly idealTree:prePrune ├── mime@1.6.0
130 silly idealTree:prePrune ├── minimatch@3.0.4
130 silly idealTree:prePrune ├── minimist@1.2.0
130 silly idealTree:prePrune ├── mongodb@3.5.2
130 silly idealTree:prePrune ├── ms@2.0.0
130 silly idealTree:prePrune ├── negotiator@0.6.2
130 silly idealTree:prePrune ├─┬ nodemon@2.0.2
130 silly idealTree:prePrune │ ├── debug@3.2.6
130 silly idealTree:prePrune │ └── ms@2.1.2
130 silly idealTree:prePrune ├── nopt@1.0.10
130 silly idealTree:prePrune ├── normalize-path@3.0.0
130 silly idealTree:prePrune ├── npm-run-path@2.0.2
130 silly idealTree:prePrune ├── on-finished@2.3.0
130 silly idealTree:prePrune ├── p-finally@1.0.0
130 silly idealTree:prePrune ├── package-json@4.0.1
130 silly idealTree:prePrune ├── parseurl@1.3.3
130 silly idealTree:prePrune ├── path-is-inside@1.0.2
130 silly idealTree:prePrune ├── path-key@2.0.1
130 silly idealTree:prePrune ├── path-to-regexp@6.1.0
130 silly idealTree:prePrune ├── picomatch@2.2.1
130 silly idealTree:prePrune ├── pify@3.0.0
130 silly idealTree:prePrune ├── prepend-http@1.0.4
130 silly idealTree:prePrune ├── process-nextick-args@2.0.1
130 silly idealTree:prePrune ├── proxy-addr@2.0.5
130 silly idealTree:prePrune ├── pseudomap@1.0.2
130 silly idealTree:prePrune ├── pstree.remy@1.1.7
130 silly idealTree:prePrune ├── qs@6.7.0
130 silly idealTree:prePrune ├── range-parser@1.2.1
130 silly idealTree:prePrune ├── raw-body@2.4.0
130 silly idealTree:prePrune ├── rc@1.2.8
130 silly idealTree:prePrune ├── readable-stream@2.3.7
130 silly idealTree:prePrune ├── readdirp@3.3.0
130 silly idealTree:prePrune ├── registry-auth-token@3.4.0
130 silly idealTree:prePrune ├── registry-url@3.1.0
130 silly idealTree:prePrune ├── require_optional@1.0.1
130 silly idealTree:prePrune ├── resolve-from@2.0.0
130 silly idealTree:prePrune ├── safe-buffer@5.1.2
130 silly idealTree:prePrune ├── safer-buffer@2.1.2
130 silly idealTree:prePrune ├── semver-diff@2.1.0
130 silly idealTree:prePrune ├── semver@5.7.1
130 silly idealTree:prePrune ├─┬ send@0.17.1
130 silly idealTree:prePrune │ └── ms@2.1.1
130 silly idealTree:prePrune ├── serve-static@1.14.1
130 silly idealTree:prePrune ├── setprototypeof@1.1.1
130 silly idealTree:prePrune ├── shebang-command@1.2.0
130 silly idealTree:prePrune ├── shebang-regex@1.0.0
130 silly idealTree:prePrune ├── signal-exit@3.0.2
130 silly idealTree:prePrune ├── statuses@1.5.0
130 silly idealTree:prePrune ├── string_decoder@1.1.1
130 silly idealTree:prePrune ├── string-width@2.1.1
130 silly idealTree:prePrune ├── strip-ansi@4.0.0
130 silly idealTree:prePrune ├── strip-eof@1.0.0
130 silly idealTree:prePrune ├── strip-json-comments@2.0.1
130 silly idealTree:prePrune ├── supports-color@5.5.0
130 silly idealTree:prePrune ├── term-size@1.2.0
130 silly idealTree:prePrune ├── timed-out@4.0.1
130 silly idealTree:prePrune ├── to-regex-range@5.0.1
130 silly idealTree:prePrune ├── toidentifier@1.0.0
130 silly idealTree:prePrune ├── touch@3.1.0
130 silly idealTree:prePrune ├── type-is@1.6.18
130 silly idealTree:prePrune ├── undefsafe@2.0.2
130 silly idealTree:prePrune ├── unique-string@1.0.0
130 silly idealTree:prePrune ├── unpipe@1.0.0
130 silly idealTree:prePrune ├── unzip-response@2.0.1
130 silly idealTree:prePrune ├── update-notifier@2.5.0
130 silly idealTree:prePrune ├── url-parse-lax@1.0.0
130 silly idealTree:prePrune ├── util-deprecate@1.0.2
130 silly idealTree:prePrune ├── utils-merge@1.0.1
130 silly idealTree:prePrune ├── validator@12.2.0
130 silly idealTree:prePrune ├── vary@1.1.2
130 silly idealTree:prePrune ├── which@1.3.1
130 silly idealTree:prePrune ├── widest-line@2.0.1
130 silly idealTree:prePrune ├── write-file-atomic@2.4.3
130 silly idealTree:prePrune ├── xdg-basedir@3.0.0
130 silly idealTree:prePrune └── yallist@2.1.2
131 silly loadIdealTree Finishing
132 silly currentTree nitablogs@1.0.0
132 silly currentTree ├── abbrev@1.1.1
132 silly currentTree ├── accepts@1.3.7
132 silly currentTree ├── ansi-align@2.0.0
132 silly currentTree ├── ansi-regex@3.0.0
132 silly currentTree ├── ansi-styles@3.2.1
132 silly currentTree ├── anymatch@3.1.1
132 silly currentTree ├── array-flatten@1.1.1
132 silly currentTree ├── balanced-match@1.0.0
132 silly currentTree ├── binary-extensions@2.0.0
132 silly currentTree ├── bl@2.2.0
132 silly currentTree ├── body-parser@1.19.0
132 silly currentTree ├── boxen@1.3.0
132 silly currentTree ├── brace-expansion@1.1.11
132 silly currentTree ├── braces@3.0.2
132 silly currentTree ├── bson@1.1.3
132 silly currentTree ├── bytes@3.1.0
132 silly currentTree ├── camelcase@4.1.0
132 silly currentTree ├── capture-stack-trace@1.0.1
132 silly currentTree ├── chalk@2.4.2
132 silly currentTree ├── chokidar@3.3.1
132 silly currentTree ├── ci-info@1.6.0
132 silly currentTree ├── cli-boxes@1.0.0
132 silly currentTree ├── color-convert@1.9.3
132 silly currentTree ├── color-name@1.1.3
132 silly currentTree ├── concat-map@0.0.1
132 silly currentTree ├── configstore@3.1.2
132 silly currentTree ├── content-disposition@0.5.3
132 silly currentTree ├── content-type@1.0.4
132 silly currentTree ├── cookie-signature@1.0.6
132 silly currentTree ├── cookie@0.4.0
132 silly currentTree ├── core-util-is@1.0.2
132 silly currentTree ├── create-error-class@3.0.2
132 silly currentTree ├── cross-spawn@5.1.0
132 silly currentTree ├── crypto-random-string@1.0.0
132 silly currentTree ├── debug@2.6.9
132 silly currentTree ├── deep-extend@0.6.0
132 silly currentTree ├── denque@1.4.1
132 silly currentTree ├── depd@1.1.2
132 silly currentTree ├── destroy@1.0.4
132 silly currentTree ├── dot-prop@4.2.0
132 silly currentTree ├── dotenv@8.2.0
132 silly currentTree ├── duplexer3@0.1.4
132 silly currentTree ├── ee-first@1.1.1
132 silly currentTree ├── ejs@3.0.1
132 silly currentTree ├── encodeurl@1.0.2
132 silly currentTree ├── escape-html@1.0.3
132 silly currentTree ├── escape-string-regexp@1.0.5
132 silly currentTree ├── etag@1.8.1
132 silly currentTree ├── execa@0.7.0
132 silly currentTree ├─┬ express@4.17.1
132 silly currentTree │ └── path-to-regexp@0.1.7
132 silly currentTree ├── fill-range@7.0.1
132 silly currentTree ├── finalhandler@1.1.2
132 silly currentTree ├── forwarded@0.1.2
132 silly currentTree ├── fresh@0.5.2
132 silly currentTree ├── get-stream@3.0.0
132 silly currentTree ├── glob-parent@5.1.0
132 silly currentTree ├── global-dirs@0.1.1
132 silly currentTree ├── got@6.7.1
132 silly currentTree ├── graceful-fs@4.2.3
132 silly currentTree ├── has-flag@3.0.0
132 silly currentTree ├── http-errors@1.7.2
132 silly currentTree ├── iconv-lite@0.4.24
132 silly currentTree ├── ignore-by-default@1.0.1
132 silly currentTree ├── import-lazy@2.1.0
132 silly currentTree ├── imurmurhash@0.1.4
132 silly currentTree ├── inherits@2.0.3
132 silly currentTree ├── ini@1.3.5
132 silly currentTree ├── ipaddr.js@1.9.0
132 silly currentTree ├── is-binary-path@2.1.0
132 silly currentTree ├── is-ci@1.2.1
132 silly currentTree ├── is-extglob@2.1.1
132 silly currentTree ├── is-fullwidth-code-point@2.0.0
132 silly currentTree ├── is-glob@4.0.1
132 silly currentTree ├── is-installed-globally@0.1.0
132 silly currentTree ├── is-npm@1.0.0
132 silly currentTree ├── is-number@7.0.0
132 silly currentTree ├── is-obj@1.0.1
132 silly currentTree ├── is-path-inside@1.0.1
132 silly currentTree ├── is-redirect@1.0.0
132 silly currentTree ├── is-retry-allowed@1.2.0
132 silly currentTree ├── is-stream@1.1.0
132 silly currentTree ├── isarray@1.0.0
132 silly currentTree ├── isexe@2.0.0
132 silly currentTree ├── latest-version@3.1.0
132 silly currentTree ├── lowercase-keys@1.0.1
132 silly currentTree ├── lru-cache@4.1.5
132 silly currentTree ├── make-dir@1.3.0
132 silly currentTree ├── media-typer@0.3.0
132 silly currentTree ├── merge-descriptors@1.0.1
132 silly currentTree ├── methods@1.1.2
132 silly currentTree ├── mime-db@1.43.0
132 silly currentTree ├── mime-types@2.1.26
132 silly currentTree ├── mime@1.6.0
132 silly currentTree ├── minimatch@3.0.4
132 silly currentTree ├── minimist@1.2.0
132 silly currentTree ├── mongodb@3.5.2
132 silly currentTree ├── ms@2.0.0
132 silly currentTree ├── negotiator@0.6.2
132 silly currentTree ├── nopt@1.0.10
132 silly currentTree ├── normalize-path@3.0.0
132 silly currentTree ├── npm-run-path@2.0.2
132 silly currentTree ├── on-finished@2.3.0
132 silly currentTree ├── p-finally@1.0.0
132 silly currentTree ├── package-json@4.0.1
132 silly currentTree ├── parseurl@1.3.3
132 silly currentTree ├── path-is-inside@1.0.2
132 silly currentTree ├── path-key@2.0.1
132 silly currentTree ├── path-to-regexp@6.1.0
132 silly currentTree ├── picomatch@2.2.1
132 silly currentTree ├── pify@3.0.0
132 silly currentTree ├── prepend-http@1.0.4
132 silly currentTree ├── process-nextick-args@2.0.1
132 silly currentTree ├── proxy-addr@2.0.5
132 silly currentTree ├── pseudomap@1.0.2
132 silly currentTree ├── pstree.remy@1.1.7
132 silly currentTree ├── qs@6.7.0
132 silly currentTree ├── range-parser@1.2.1
132 silly currentTree ├── raw-body@2.4.0
132 silly currentTree ├── rc@1.2.8
132 silly currentTree ├── readable-stream@2.3.7
132 silly currentTree ├── readdirp@3.3.0
132 silly currentTree ├── registry-auth-token@3.4.0
132 silly currentTree ├── registry-url@3.1.0
132 silly currentTree ├── require_optional@1.0.1
132 silly currentTree ├── resolve-from@2.0.0
132 silly currentTree ├── safe-buffer@5.1.2
132 silly currentTree ├── safer-buffer@2.1.2
132 silly currentTree ├── semver-diff@2.1.0
132 silly currentTree ├── semver@5.7.1
132 silly currentTree ├─┬ send@0.17.1
132 silly currentTree │ └── ms@2.1.1
132 silly currentTree ├── serve-static@1.14.1
132 silly currentTree ├── setprototypeof@1.1.1
132 silly currentTree ├── shebang-command@1.2.0
132 silly currentTree ├── shebang-regex@1.0.0
132 silly currentTree ├── signal-exit@3.0.2
132 silly currentTree ├── statuses@1.5.0
132 silly currentTree ├── string_decoder@1.1.1
132 silly currentTree ├── string-width@2.1.1
132 silly currentTree ├── strip-ansi@4.0.0
132 silly currentTree ├── strip-eof@1.0.0
132 silly currentTree ├── strip-json-comments@2.0.1
132 silly currentTree ├── supports-color@5.5.0
132 silly currentTree ├── term-size@1.2.0
132 silly currentTree ├── timed-out@4.0.1
132 silly currentTree ├── to-regex-range@5.0.1
132 silly currentTree ├── toidentifier@1.0.0
132 silly currentTree ├── touch@3.1.0
132 silly currentTree ├── type-is@1.6.18
132 silly currentTree ├── undefsafe@2.0.2
132 silly currentTree ├── unique-string@1.0.0
132 silly currentTree ├── unpipe@1.0.0
132 silly currentTree ├── unzip-response@2.0.1
132 silly currentTree ├── update-notifier@2.5.0
132 silly currentTree ├── url-parse-lax@1.0.0
132 silly currentTree ├── util-deprecate@1.0.2
132 silly currentTree ├── utils-merge@1.0.1
132 silly currentTree ├── validator@12.2.0
132 silly currentTree ├── vary@1.1.2
132 silly currentTree ├── which@1.3.1
132 silly currentTree ├── widest-line@2.0.1
132 silly currentTree ├── write-file-atomic@2.4.3
132 silly currentTree ├── xdg-basedir@3.0.0
132 silly currentTree └── yallist@2.1.2
133 silly idealTree nitablogs@1.0.0
133 silly idealTree ├── abbrev@1.1.1
133 silly idealTree ├── accepts@1.3.7
133 silly idealTree ├── ansi-align@2.0.0
133 silly idealTree ├── ansi-regex@3.0.0
133 silly idealTree ├── ansi-styles@3.2.1
133 silly idealTree ├── anymatch@3.1.1
133 silly idealTree ├── array-flatten@1.1.1
133 silly idealTree ├── balanced-match@1.0.0
133 silly idealTree ├── binary-extensions@2.0.0
133 silly idealTree ├── bl@2.2.0
133 silly idealTree ├── body-parser@1.19.0
133 silly idealTree ├── boxen@1.3.0
133 silly idealTree ├── brace-expansion@1.1.11
133 silly idealTree ├── braces@3.0.2
133 silly idealTree ├── bson@1.1.3
133 silly idealTree ├── bytes@3.1.0
133 silly idealTree ├── camelcase@4.1.0
133 silly idealTree ├── capture-stack-trace@1.0.1
133 silly idealTree ├── chalk@2.4.2
133 silly idealTree ├── chokidar@3.3.1
133 silly idealTree ├── ci-info@1.6.0
133 silly idealTree ├── cli-boxes@1.0.0
133 silly idealTree ├── color-convert@1.9.3
133 silly idealTree ├── color-name@1.1.3
133 silly idealTree ├── concat-map@0.0.1
133 silly idealTree ├── configstore@3.1.2
133 silly idealTree ├── content-disposition@0.5.3
133 silly idealTree ├── content-type@1.0.4
133 silly idealTree ├── cookie-signature@1.0.6
133 silly idealTree ├── cookie@0.4.0
133 silly idealTree ├── core-util-is@1.0.2
133 silly idealTree ├── create-error-class@3.0.2
133 silly idealTree ├── cross-spawn@5.1.0
133 silly idealTree ├── crypto-random-string@1.0.0
133 silly idealTree ├── debug@2.6.9
133 silly idealTree ├── deep-extend@0.6.0
133 silly idealTree ├── denque@1.4.1
133 silly idealTree ├── depd@1.1.2
133 silly idealTree ├── destroy@1.0.4
133 silly idealTree ├── dot-prop@4.2.0
133 silly idealTree ├── dotenv@8.2.0
133 silly idealTree ├── duplexer3@0.1.4
133 silly idealTree ├── ee-first@1.1.1
133 silly idealTree ├── ejs@3.0.1
133 silly idealTree ├── encodeurl@1.0.2
133 silly idealTree ├── escape-html@1.0.3
133 silly idealTree ├── escape-string-regexp@1.0.5
133 silly idealTree ├── etag@1.8.1
133 silly idealTree ├── execa@0.7.0
133 silly idealTree ├─┬ express@4.17.1
133 silly idealTree │ └── path-to-regexp@0.1.7
133 silly idealTree ├── fill-range@7.0.1
133 silly idealTree ├── finalhandler@1.1.2
133 silly idealTree ├── forwarded@0.1.2
133 silly idealTree ├── fresh@0.5.2
133 silly idealTree ├── get-stream@3.0.0
133 silly idealTree ├── glob-parent@5.1.0
133 silly idealTree ├── global-dirs@0.1.1
133 silly idealTree ├── got@6.7.1
133 silly idealTree ├── graceful-fs@4.2.3
133 silly idealTree ├── has-flag@3.0.0
133 silly idealTree ├── http-errors@1.7.2
133 silly idealTree ├── iconv-lite@0.4.24
133 silly idealTree ├── ignore-by-default@1.0.1
133 silly idealTree ├── import-lazy@2.1.0
133 silly idealTree ├── imurmurhash@0.1.4
133 silly idealTree ├── inherits@2.0.3
133 silly idealTree ├── ini@1.3.5
133 silly idealTree ├── ipaddr.js@1.9.0
133 silly idealTree ├── is-binary-path@2.1.0
133 silly idealTree ├── is-ci@1.2.1
133 silly idealTree ├── is-extglob@2.1.1
133 silly idealTree ├── is-fullwidth-code-point@2.0.0
133 silly idealTree ├── is-glob@4.0.1
133 silly idealTree ├── is-installed-globally@0.1.0
133 silly idealTree ├── is-npm@1.0.0
133 silly idealTree ├── is-number@7.0.0
133 silly idealTree ├── is-obj@1.0.1
133 silly idealTree ├── is-path-inside@1.0.1
133 silly idealTree ├── is-redirect@1.0.0
133 silly idealTree ├── is-retry-allowed@1.2.0
133 silly idealTree ├── is-stream@1.1.0
133 silly idealTree ├── isarray@1.0.0
133 silly idealTree ├── isexe@2.0.0
133 silly idealTree ├── latest-version@3.1.0
133 silly idealTree ├── lowercase-keys@1.0.1
133 silly idealTree ├── lru-cache@4.1.5
133 silly idealTree ├── make-dir@1.3.0
133 silly idealTree ├── media-typer@0.3.0
133 silly idealTree ├── merge-descriptors@1.0.1
133 silly idealTree ├── methods@1.1.2
133 silly idealTree ├── mime-db@1.43.0
133 silly idealTree ├── mime-types@2.1.26
133 silly idealTree ├── mime@1.6.0
133 silly idealTree ├── minimatch@3.0.4
133 silly idealTree ├── minimist@1.2.0
133 silly idealTree ├── mongodb@3.5.2
133 silly idealTree ├── ms@2.0.0
133 silly idealTree ├── negotiator@0.6.2
133 silly idealTree ├─┬ nodemon@2.0.2
133 silly idealTree │ ├── debug@3.2.6
133 silly idealTree │ └── ms@2.1.2
133 silly idealTree ├── nopt@1.0.10
133 silly idealTree ├── normalize-path@3.0.0
133 silly idealTree ├── npm-run-path@2.0.2
133 silly idealTree ├── on-finished@2.3.0
133 silly idealTree ├── p-finally@1.0.0
133 silly idealTree ├── package-json@4.0.1
133 silly idealTree ├── parseurl@1.3.3
133 silly idealTree ├── path-is-inside@1.0.2
133 silly idealTree ├── path-key@2.0.1
133 silly idealTree ├── path-to-regexp@6.1.0
133 silly idealTree ├── picomatch@2.2.1
133 silly idealTree ├── pify@3.0.0
133 silly idealTree ├── prepend-http@1.0.4
133 silly idealTree ├── process-nextick-args@2.0.1
133 silly idealTree ├── proxy-addr@2.0.5
133 silly idealTree ├── pseudomap@1.0.2
133 silly idealTree ├── pstree.remy@1.1.7
133 silly idealTree ├── qs@6.7.0
133 silly idealTree ├── range-parser@1.2.1
133 silly idealTree ├── raw-body@2.4.0
133 silly idealTree ├── rc@1.2.8
133 silly idealTree ├── readable-stream@2.3.7
133 silly idealTree ├── readdirp@3.3.0
133 silly idealTree ├── registry-auth-token@3.4.0
133 silly idealTree ├── registry-url@3.1.0
133 silly idealTree ├── require_optional@1.0.1
133 silly idealTree ├── resolve-from@2.0.0
133 silly idealTree ├── safe-buffer@5.1.2
133 silly idealTree ├── safer-buffer@2.1.2
133 silly idealTree ├── semver-diff@2.1.0
133 silly idealTree ├── semver@5.7.1
133 silly idealTree ├─┬ send@0.17.1
133 silly idealTree │ └── ms@2.1.1
133 silly idealTree ├── serve-static@1.14.1
133 silly idealTree ├── setprototypeof@1.1.1
133 silly idealTree ├── shebang-command@1.2.0
133 silly idealTree ├── shebang-regex@1.0.0
133 silly idealTree ├── signal-exit@3.0.2
133 silly idealTree ├── statuses@1.5.0
133 silly idealTree ├── string_decoder@1.1.1
133 silly idealTree ├── string-width@2.1.1
133 silly idealTree ├── strip-ansi@4.0.0
133 silly idealTree ├── strip-eof@1.0.0
133 silly idealTree ├── strip-json-comments@2.0.1
133 silly idealTree ├── supports-color@5.5.0
133 silly idealTree ├── term-size@1.2.0
133 silly idealTree ├── timed-out@4.0.1
133 silly idealTree ├── to-regex-range@5.0.1
133 silly idealTree ├── toidentifier@1.0.0
133 silly idealTree ├── touch@3.1.0
133 silly idealTree ├── type-is@1.6.18
133 silly idealTree ├── undefsafe@2.0.2
133 silly idealTree ├── unique-string@1.0.0
133 silly idealTree ├── unpipe@1.0.0
133 silly idealTree ├── unzip-response@2.0.1
133 silly idealTree ├── update-notifier@2.5.0
133 silly idealTree ├── url-parse-lax@1.0.0
133 silly idealTree ├── util-deprecate@1.0.2
133 silly idealTree ├── utils-merge@1.0.1
133 silly idealTree ├── validator@12.2.0
133 silly idealTree ├── vary@1.1.2
133 silly idealTree ├── which@1.3.1
133 silly idealTree ├── widest-line@2.0.1
133 silly idealTree ├── write-file-atomic@2.4.3
133 silly idealTree ├── xdg-basedir@3.0.0
133 silly idealTree └── yallist@2.1.2
134 silly generateActionsToTake Starting
135 silly install generateActionsToTake
136 silly generateActionsToTake Finishing
137 silly diffTrees action count 7
138 silly diffTrees add ms@2.1.2
139 silly diffTrees add debug@3.2.6
140 silly diffTrees update dotenv@8.2.0
141 silly diffTrees update ejs@3.0.1
142 silly diffTrees update mongodb@3.5.2
143 silly diffTrees add nodemon@2.0.2
144 silly diffTrees update validator@12.2.0
145 silly decomposeActions action count 56
146 silly decomposeActions fetch ms@2.1.2
147 silly decomposeActions extract ms@2.1.2
148 silly decomposeActions test ms@2.1.2
149 silly decomposeActions preinstall ms@2.1.2
150 silly decomposeActions build ms@2.1.2
151 silly decomposeActions install ms@2.1.2
152 silly decomposeActions postinstall ms@2.1.2
153 silly decomposeActions finalize ms@2.1.2
154 silly decomposeActions fetch debug@3.2.6
155 silly decomposeActions extract debug@3.2.6
156 silly decomposeActions test debug@3.2.6
157 silly decomposeActions preinstall debug@3.2.6
158 silly decomposeActions build debug@3.2.6
159 silly decomposeActions install debug@3.2.6
160 silly decomposeActions postinstall debug@3.2.6
161 silly decomposeActions finalize debug@3.2.6
162 silly decomposeActions fetch dotenv@8.2.0
163 silly decomposeActions extract dotenv@8.2.0
164 silly decomposeActions test dotenv@8.2.0
165 silly decomposeActions preinstall dotenv@8.2.0
166 silly decomposeActions build dotenv@8.2.0
167 silly decomposeActions install dotenv@8.2.0
168 silly decomposeActions postinstall dotenv@8.2.0
169 silly decomposeActions finalize dotenv@8.2.0
170 silly decomposeActions fetch ejs@3.0.1
171 silly decomposeActions extract ejs@3.0.1
172 silly decomposeActions test ejs@3.0.1
173 silly decomposeActions preinstall ejs@3.0.1
174 silly decomposeActions build ejs@3.0.1
175 silly decomposeActions install ejs@3.0.1
176 silly decomposeActions postinstall ejs@3.0.1
177 silly decomposeActions finalize ejs@3.0.1
178 silly decomposeActions fetch mongodb@3.5.2
179 silly decomposeActions extract mongodb@3.5.2
180 silly decomposeActions test mongodb@3.5.2
181 silly decomposeActions preinstall mongodb@3.5.2
182 silly decomposeActions build mongodb@3.5.2
183 silly decomposeActions install mongodb@3.5.2
184 silly decomposeActions postinstall mongodb@3.5.2
185 silly decomposeActions finalize mongodb@3.5.2
186 silly decomposeActions fetch nodemon@2.0.2
187 silly decomposeActions extract nodemon@2.0.2
188 silly decomposeActions test nodemon@2.0.2
189 silly decomposeActions preinstall nodemon@2.0.2
190 silly decomposeActions build nodemon@2.0.2
191 silly decomposeActions install nodemon@2.0.2
192 silly decomposeActions postinstall nodemon@2.0.2
193 silly decomposeActions finalize nodemon@2.0.2
194 silly decomposeActions fetch validator@12.2.0
195 silly decomposeActions extract validator@12.2.0
196 silly decomposeActions test validator@12.2.0
197 silly decomposeActions preinstall validator@12.2.0
198 silly decomposeActions build validator@12.2.0
199 silly decomposeActions install validator@12.2.0
200 silly decomposeActions postinstall validator@12.2.0
201 silly decomposeActions finalize validator@12.2.0
202 silly executeActions Starting
203 silly install executeActions
204 silly doSerial global-install 0
205 silly doParallel fetch 7
206 verbose lock using /home/ritik2017/.npm/_locks/staging-0c02a3c80e546d3d.lock for /home/ritik2017/Desktop/NITA BLOGS/NITA_BLOGS/node_modules/.staging
207 silly doParallel extract 7
208 silly extract ms@2.1.2
209 silly extract debug@3.2.6
210 silly extract dotenv@8.2.0
211 silly extract ejs@3.0.1
212 silly extract mongodb@3.5.2
213 silly extract nodemon@2.0.2
214 silly extract validator@12.2.0
215 verbose unbuild node_modules/.staging/ms-2592f9b1
216 verbose unbuild node_modules/.staging/debug-4ad150ec
217 verbose unbuild node_modules/.staging/dotenv-bf73fe5b
218 verbose unbuild node_modules/.staging/ejs-e7589ffd
219 verbose unbuild node_modules/.staging/mongodb-8b368e69
220 verbose unbuild node_modules/.staging/validator-ce7d8a10
221 verbose unbuild node_modules/.staging/nodemon-4d7a1f8e
222 silly gentlyRm /home/ritik2017/Desktop/NITA BLOGS/NITA_BLOGS/node_modules/.staging/ms-2592f9b1 is being purged from base /home/ritik2017/Desktop/NITA BLOGS/NITA_BLOGS
223 verbose gentlyRm don't care about contents; nuking /home/ritik2017/Desktop/NITA BLOGS/NITA_BLOGS/node_modules/.staging/ms-2592f9b1
224 silly gentlyRm /home/ritik2017/Desktop/NITA BLOGS/NITA_BLOGS/node_modules/.staging/debug-4ad150ec is being purged from base /home/ritik2017/Desktop/NITA BLOGS/NITA_BLOGS
225 verbose gentlyRm don't care about contents; nuking /home/ritik2017/Desktop/NITA BLOGS/NITA_BLOGS/node_modules/.staging/debug-4ad150ec
226 silly gentlyRm /home/ritik2017/Desktop/NITA BLOGS/NITA_BLOGS/node_modules/.staging/dotenv-bf73fe5b is being purged from base /home/ritik2017/Desktop/NITA BLOGS/NITA_BLOGS
227 verbose gentlyRm don't care about contents; nuking /home/ritik2017/Desktop/NITA BLOGS/NITA_BLOGS/node_modules/.staging/dotenv-bf73fe5b
228 silly gentlyRm /home/ritik2017/Desktop/NITA BLOGS/NITA_BLOGS/node_modules/.staging/ejs-e7589ffd is being purged from base /home/ritik2017/Desktop/NITA BLOGS/NITA_BLOGS
229 verbose gentlyRm don't care about contents; nuking /home/ritik2017/Desktop/NITA BLOGS/NITA_BLOGS/node_modules/.staging/ejs-e7589ffd
230 silly gentlyRm /home/ritik2017/Desktop/NITA BLOGS/NITA_BLOGS/node_modules/.staging/mongodb-8b368e69 is being purged from base /home/ritik2017/Desktop/NITA BLOGS/NITA_BLOGS
231 verbose gentlyRm don't care about contents; nuking /home/ritik2017/Desktop/NITA BLOGS/NITA_BLOGS/node_modules/.staging/mongodb-8b368e69
232 silly gentlyRm /home/ritik2017/Desktop/NITA BLOGS/NITA_BLOGS/node_modules/.staging/validator-ce7d8a10 is being purged from base /home/ritik2017/Desktop/NITA BLOGS/NITA_BLOGS
233 verbose gentlyRm don't care about contents; nuking /home/ritik2017/Desktop/NITA BLOGS/NITA_BLOGS/node_modules/.staging/validator-ce7d8a10
234 verbose tar unpack /home/ritik2017/.npm/ms/2.1.2/package.tgz
235 verbose tar unpacking to /home/ritik2017/Desktop/NITA BLOGS/NITA_BLOGS/node_modules/.staging/ms-2592f9b1
236 silly gentlyRm /home/ritik2017/Desktop/NITA BLOGS/NITA_BLOGS/node_modules/.staging/ms-2592f9b1 is being purged
237 verbose gentlyRm don't care about contents; nuking /home/ritik2017/Desktop/NITA BLOGS/NITA_BLOGS/node_modules/.staging/ms-2592f9b1
238 verbose tar unpack /home/ritik2017/.npm/debug/3.2.6/package.tgz
239 verbose tar unpacking to /home/ritik2017/Desktop/NITA BLOGS/NITA_BLOGS/node_modules/.staging/debug-4ad150ec
240 silly gentlyRm /home/ritik2017/Desktop/NITA BLOGS/NITA_BLOGS/node_modules/.staging/debug-4ad150ec is being purged
241 verbose gentlyRm don't care about contents; nuking /home/ritik2017/Desktop/NITA BLOGS/NITA_BLOGS/node_modules/.staging/debug-4ad150ec
242 verbose tar unpack /home/ritik2017/.npm/dotenv/8.2.0/package.tgz
243 verbose tar unpacking to /home/ritik2017/Desktop/NITA BLOGS/NITA_BLOGS/node_modules/.staging/dotenv-bf73fe5b
244 silly gentlyRm /home/ritik2017/Desktop/NITA BLOGS/NITA_BLOGS/node_modules/.staging/dotenv-bf73fe5b is being purged
245 verbose gentlyRm don't care about contents; nuking /home/ritik2017/Desktop/NITA BLOGS/NITA_BLOGS/node_modules/.staging/dotenv-bf73fe5b
246 verbose tar unpack /home/ritik2017/.npm/ejs/3.0.1/package.tgz
247 verbose tar unpacking to /home/ritik2017/Desktop/NITA BLOGS/NITA_BLOGS/node_modules/.staging/ejs-e7589ffd
248 silly gentlyRm /home/ritik2017/Desktop/NITA BLOGS/NITA_BLOGS/node_modules/.staging/ejs-e7589ffd is being purged
249 verbose gentlyRm don't care about contents; nuking /home/ritik2017/Desktop/NITA BLOGS/NITA_BLOGS/node_modules/.staging/ejs-e7589ffd
250 verbose tar unpack /home/ritik2017/.npm/mongodb/3.5.2/package.tgz
251 verbose tar unpacking to /home/ritik2017/Desktop/NITA BLOGS/NITA_BLOGS/node_modules/.staging/mongodb-8b368e69
252 silly gentlyRm /home/ritik2017/Desktop/NITA BLOGS/NITA_BLOGS/node_modules/.staging/mongodb-8b368e69 is being purged
253 verbose gentlyRm don't care about contents; nuking /home/ritik2017/Desktop/NITA BLOGS/NITA_BLOGS/node_modules/.staging/mongodb-8b368e69
254 silly gentlyRm /home/ritik2017/Desktop/NITA BLOGS/NITA_BLOGS/node_modules/.staging/nodemon-4d7a1f8e is being purged from base /home/ritik2017/Desktop/NITA BLOGS/NITA_BLOGS
255 verbose gentlyRm don't care about contents; nuking /home/ritik2017/Desktop/NITA BLOGS/NITA_BLOGS/node_modules/.staging/nodemon-4d7a1f8e
256 verbose tar unpack /home/ritik2017/.npm/validator/12.2.0/package.tgz
257 verbose tar unpacking to /home/ritik2017/Desktop/NITA BLOGS/NITA_BLOGS/node_modules/.staging/validator-ce7d8a10
258 silly gentlyRm /home/ritik2017/Desktop/NITA BLOGS/NITA_BLOGS/node_modules/.staging/validator-ce7d8a10 is being purged
259 verbose gentlyRm don't care about contents; nuking /home/ritik2017/Desktop/NITA BLOGS/NITA_BLOGS/node_modules/.staging/validator-ce7d8a10
260 silly gunzTarPerm modes [ '755', '644' ]
261 silly gunzTarPerm modes [ '755', '644' ]
262 silly gunzTarPerm modes [ '755', '644' ]
263 silly gunzTarPerm modes [ '755', '644' ]
264 silly gunzTarPerm modes [ '755', '644' ]
265 verbose tar unpack /home/ritik2017/.npm/nodemon/2.0.2/package.tgz
266 verbose tar unpacking to /home/ritik2017/Desktop/NITA BLOGS/NITA_BLOGS/node_modules/.staging/nodemon-4d7a1f8e
267 silly gentlyRm /home/ritik2017/Desktop/NITA BLOGS/NITA_BLOGS/node_modules/.staging/nodemon-4d7a1f8e is being purged
268 verbose gentlyRm don't care about contents; nuking /home/ritik2017/Desktop/NITA BLOGS/NITA_BLOGS/node_modules/.staging/nodemon-4d7a1f8e
269 silly gunzTarPerm modes [ '755', '644' ]
270 silly gunzTarPerm modes [ '755', '644' ]
271 silly gunzTarPerm extractEntry package.json
272 silly gunzTarPerm extractEntry package.json
273 silly gunzTarPerm extractEntry LICENSE
274 silly gunzTarPerm extractEntry
275 silly gunzTarPerm extractEntry lib/async/.eslintrc
276 silly gunzTarPerm extractEntry LICENSE
277 silly gunzTarPerm extractEntry .jscsrc
278 silly gunzTarPerm modified mode [ '.jscsrc', 436, 420 ]
279 silly gunzTarPerm extractEntry index.js
280 silly gunzTarPerm extractEntry license.md
281 silly gunzTarPerm extractEntry CHANGELOG.md
282 silly gunzTarPerm extractEntry LICENSE
283 silly gunzTarPerm extractEntry lib/cli-options.js
284 silly gunzTarPerm extractEntry config.js
285 silly gunzTarPerm extractEntry es/lib/alpha.js
286 silly gunzTarPerm extractEntry lib/alpha.js
287 silly gunzTarPerm extractEntry LICENSE
288 silly gunzTarPerm extractEntry postinstall.js
289 silly gunzTarPerm extractEntry ejs.js
290 silly gunzTarPerm extractEntry .jshintrc
291 silly gunzTarPerm modified mode [ '.jshintrc', 436, 420 ]
292 silly gunzTarPerm extractEntry LICENSE
293 silly gunzTarPerm modified mode [ 'LICENSE', 436, 420 ]
294 silly gunzTarPerm extractEntry lib/operations/add_user.js
295 silly gunzTarPerm extractEntry lib/operations/admin_ops.js
296 silly gunzTarPerm extractEntry README.md
297 silly gunzTarPerm extractEntry lib/env-options.js
298 silly gunzTarPerm extractEntry lib/main.js
299 silly gunzTarPerm extractEntry readme.md
300 silly gunzTarPerm extractEntry node.js
301 silly gunzTarPerm extractEntry lib/rules/add.js
302 silly gunzTarPerm modified mode [ 'lib/rules/add.js', 436, 420 ]
303 silly gunzTarPerm extractEntry lib/utils/bus.js
304 silly gunzTarPerm modified mode [ 'lib/utils/bus.js', 436, 420 ]
305 silly gunzTarPerm extractEntry es/lib/util/assertString.js
306 silly gunzTarPerm extractEntry lib/util/assertString.js
307 silly gunzTarPerm extractEntry lib/admin.js
308 silly gunzTarPerm extractEntry lib/operations/aggregate.js
309 silly gunzTarPerm extractEntry jakefile.js
310 silly gunzTarPerm extractEntry package.json
311 silly gunzTarPerm extractEntry lib/utils/clone.js
312 silly gunzTarPerm modified mode [ 'lib/utils/clone.js', 436, 420 ]
313 silly gunzTarPerm extractEntry lib/utils/colour.js
314 silly gunzTarPerm modified mode [ 'lib/utils/colour.js', 436, 420 ]
315 silly gunzTarPerm extractEntry README.md
316 silly gunzTarPerm extractEntry dist/debug.js
317 silly gunzTarPerm extractEntry package.json
318 silly gunzTarPerm extractEntry types/tsconfig.json
319 silly gunzTarPerm extractEntry es/lib/blacklist.js
320 silly gunzTarPerm extractEntry lib/aggregation_cursor.js
321 silly gunzTarPerm extractEntry lib/apm.js
322 silly gunzTarPerm extractEntry lib/blacklist.js
323 silly gunzTarPerm extractEntry lib/
324 silly gunzTarPerm extractEntry ejs.min.js
325 silly gunzTarPerm extractEntry lib/ejs.js
326 silly gunzTarPerm extractEntry lib/utils.js
327 silly gunzTarPerm extractEntry types/tslint.json
328 silly gunzTarPerm extractEntry CHANGELOG.md
329 silly gunzTarPerm extractEntry src/browser.js
330 silly gunzTarPerm extractEntry src/common.js
331 silly gunzTarPerm extractEntry lib/config/command.js
332 silly gunzTarPerm modified mode [ 'lib/config/command.js', 436, 420 ]
333 silly gunzTarPerm extractEntry commitlint.config.js
334 silly gunzTarPerm modified mode [ 'commitlint.config.js', 436, 420 ]
335 silly gunzTarPerm extractEntry lib/core/connection/apm.js
336 silly gunzTarPerm extractEntry lib/async/async_iterator.js
337 silly gunzTarPerm extractEntry es/lib/contains.js
338 silly gunzTarPerm extractEntry lib/contains.js
339 silly gunzTarPerm extractEntry README.md
340 silly gunzTarPerm extractEntry src/index.js
341 silly gunzTarPerm extractEntry src/node.js
342 silly gunzTarPerm extractEntry lib/config/defaults.js
343 silly gunzTarPerm modified mode [ 'lib/config/defaults.js', 436, 420 ]
344 silly gunzTarPerm extractEntry lib/config/exec.js
345 silly gunzTarPerm modified mode [ 'lib/config/exec.js', 436, 420 ]
346 silly gunzTarPerm extractEntry lib/cli/index.js
347 silly gunzTarPerm modified mode [ 'lib/cli/index.js', 436, 420 ]
348 silly gunzTarPerm extractEntry lib/config/index.js
349 silly gunzTarPerm modified mode [ 'lib/config/index.js', 436, 420 ]
350 silly gunzTarPerm extractEntry lib/help/index.js
351 silly gunzTarPerm modified mode [ 'lib/help/index.js', 436, 420 ]
352 silly gunzTarPerm extractEntry lib/index.js
353 silly gunzTarPerm modified mode [ 'lib/index.js', 436, 420 ]
354 silly gunzTarPerm extractEntry lib/monitor/index.js
355 silly gunzTarPerm modified mode [ 'lib/monitor/index.js', 436, 420 ]
356 silly gunzTarPerm extractEntry lib/rules/index.js
357 silly gunzTarPerm modified mode [ 'lib/rules/index.js', 436, 420 ]
358 silly gunzTarPerm extractEntry lib/utils/index.js
359 silly gunzTarPerm modified mode [ 'lib/utils/index.js', 436, 420 ]
360 silly gunzTarPerm extractEntry lib/config/load.js
361 silly gunzTarPerm modified mode [ 'lib/config/load.js', 436, 420 ]
362 silly gunzTarPerm extractEntry lib/utils/log.js
363 silly gunzTarPerm modified mode [ 'lib/utils/log.js', 436, 420 ]
364 silly gunzTarPerm extractEntry lib/monitor/match.js
365 silly gunzTarPerm modified mode [ 'lib/monitor/match.js', 436, 420 ]
366 silly gunzTarPerm extractEntry lib/utils/merge.js
367 silly gunzTarPerm modified mode [ 'lib/utils/merge.js', 436, 420 ]
368 silly gunzTarPerm extractEntry bin/nodemon.js
369 silly gunzTarPerm modified mode [ 'bin/nodemon.js', 509, 493 ]
370 silly gunzTarPerm extractEntry lib/nodemon.js
371 silly gunzTarPerm modified mode [ 'lib/nodemon.js', 436, 420 ]
372 silly gunzTarPerm extractEntry lib/cli/parse.js
373 silly gunzTarPerm modified mode [ 'lib/cli/parse.js', 436, 420 ]
374 silly gunzTarPerm extractEntry lib/rules/parse.js
375 silly gunzTarPerm modified mode [ 'lib/rules/parse.js', 436, 420 ]
376 silly gunzTarPerm extractEntry bin/postinstall.js
377 silly gunzTarPerm modified mode [ 'bin/postinstall.js', 509, 493 ]
378 silly gunzTarPerm extractEntry lib/monitor/run.js
379 silly gunzTarPerm modified mode [ 'lib/monitor/run.js', 436, 420 ]
380 silly gunzTarPerm extractEntry lib/monitor/signals.js
381 silly gunzTarPerm modified mode [ 'lib/monitor/signals.js', 436, 420 ]
382 silly gunzTarPerm extractEntry lib/spawn.js
383 silly gunzTarPerm modified mode [ 'lib/spawn.js', 436, 420 ]
384 silly gunzTarPerm extractEntry lib/version.js
385 silly gunzTarPerm modified mode [ 'lib/version.js', 436, 420 ]
386 silly gunzTarPerm extractEntry lib/monitor/watch.js
387 silly gunzTarPerm modified mode [ 'lib/monitor/watch.js', 436, 420 ]
388 silly gunzTarPerm extractEntry package.json
389 silly gunzTarPerm modified mode [ 'package.json', 436, 420 ]
390 silly gunzTarPerm extractEntry README.md
391 silly gunzTarPerm modified mode [ 'README.md', 436, 420 ]
392 silly gunzTarPerm extractEntry doc/cli/authors.txt
393 silly gunzTarPerm modified mode [ 'doc/cli/authors.txt', 436, 420 ]
394 silly gunzTarPerm extractEntry doc/cli/config.txt
395 silly gunzTarPerm modified mode [ 'doc/cli/config.txt', 436, 420 ]
396 silly gunzTarPerm extractEntry doc/cli/help.txt
397 silly gunzTarPerm modified mode [ 'doc/cli/help.txt', 436, 420 ]
398 silly gunzTarPerm extractEntry doc/cli/logo.txt
399 silly gunzTarPerm modified mode [ 'doc/cli/logo.txt', 436, 420 ]
400 silly gunzTarPerm extractEntry doc/cli/options.txt
401 silly gunzTarPerm modified mode [ 'doc/cli/options.txt', 436, 420 ]
402 silly gunzTarPerm extractEntry doc/cli/topics.txt
403 silly gunzTarPerm modified mode [ 'doc/cli/topics.txt', 436, 420 ]
404 silly gunzTarPerm extractEntry doc/cli/usage.txt
405 silly gunzTarPerm modified mode [ 'doc/cli/usage.txt', 436, 420 ]
406 silly gunzTarPerm extractEntry doc/cli/whoami.txt
407 silly gunzTarPerm modified mode [ 'doc/cli/whoami.txt', 436, 420 ]
408 silly gunzTarPerm extractEntry .travis.yml
409 silly gunzTarPerm modified mode [ '.travis.yml', 436, 420 ]
410 silly gunzTarPerm extractEntry lib/core/auth/auth_provider.js
411 silly gunzTarPerm extractEntry lib/operations/bulk_write.js
412 silly gunzTarPerm extractEntry types/index.d.ts
413 silly gunzTarPerm extractEntry types/test.ts
414 silly gunzTarPerm extractEntry es/lib/equals.js
415 silly gunzTarPerm extractEntry lib/equals.js
416 silly gentlyRm /home/ritik2017/Desktop/NITA BLOGS/NITA_BLOGS/node_modules/.staging/ms-2592f9b1/node_modules is being purged
417 verbose gentlyRm don't care about contents; nuking /home/ritik2017/Desktop/NITA BLOGS/NITA_BLOGS/node_modules/.staging/ms-2592f9b1/node_modules
418 silly gunzTarPerm extractEntry lib/change_stream.js
419 silly gunzTarPerm extractEntry lib/gridfs/chunk.js
420 silly gunzTarPerm extractEntry es/lib/escape.js
421 silly gunzTarPerm extractEntry lib/escape.js
422 silly gunzTarPerm extractEntry lib/operations/close.js
423 silly gunzTarPerm extractEntry lib/operations/collection_ops.js
424 silly gunzTarPerm extractEntry es/lib/util/includes.js
425 silly gunzTarPerm extractEntry lib/util/includes.js
426 silly gunzTarPerm extractEntry lib/collection.js
427 silly gunzTarPerm extractEntry lib/operations/collections.js
428 silly gunzTarPerm extractEntry es/index.js
429 silly gunzTarPerm extractEntry index.js
430 silly gunzTarPerm extractEntry es/lib/isAfter.js
431 silly gunzTarPerm extractEntry lib/isAfter.js
432 silly gunzTarPerm extractEntry lib/command_cursor.js
433 silly gunzTarPerm extractEntry lib/core/connection/command_result.js
434 silly gunzTarPerm extractEntry es/lib/isAlpha.js
435 silly gunzTarPerm extractEntry lib/isAlpha.js
436 silly gunzTarPerm extractEntry lib/operations/command_v2.js
437 silly gunzTarPerm extractEntry lib/core/wireprotocol/command.js
438 silly gunzTarPerm extractEntry es/lib/isAlphanumeric.js
439 silly gunzTarPerm extractEntry lib/isAlphanumeric.js
440 silly gunzTarPerm extractEntry lib/operations/command.js
441 silly gunzTarPerm extractEntry lib/core/connection/commands.js
442 silly gunzTarPerm extractEntry es/lib/isAscii.js
443 silly gunzTarPerm extractEntry lib/isAscii.js
444 silly gentlyRm /home/ritik2017/Desktop/NITA BLOGS/NITA_BLOGS/node_modules/.staging/debug-4ad150ec/node_modules is being purged
445 verbose gentlyRm don't care about contents; nuking /home/ritik2017/Desktop/NITA BLOGS/NITA_BLOGS/node_modules/.staging/debug-4ad150ec/node_modules
446 silly gunzTarPerm extractEntry es/lib/isBase32.js
447 silly gunzTarPerm extractEntry lib/isBase32.js
448 silly gunzTarPerm extractEntry lib/operations/common_functions.js
449 silly gunzTarPerm extractEntry lib/bulk/common.js
450 silly gunzTarPerm extractEntry lib/core/sdam/common.js
451 silly gentlyRm /home/ritik2017/Desktop/NITA BLOGS/NITA_BLOGS/node_modules/.staging/ejs-e7589ffd/node_modules is being purged
452 verbose gentlyRm don't care about contents; nuking /home/ritik2017/Desktop/NITA BLOGS/NITA_BLOGS/node_modules/.staging/ejs-e7589ffd/node_modules
453 silly gunzTarPerm extractEntry lib/core/wireprotocol/compression.js
454 silly gentlyRm /home/ritik2017/Desktop/NITA BLOGS/NITA_BLOGS/node_modules/.staging/dotenv-bf73fe5b/node_modules is being purged
455 verbose gentlyRm don't care about contents; nuking /home/ritik2017/Desktop/NITA BLOGS/NITA_BLOGS/node_modules/.staging/dotenv-bf73fe5b/node_modules
456 silly gunzTarPerm extractEntry es/lib/isBase64.js
457 silly gunzTarPerm extractEntry lib/isBase64.js
458 silly gunzTarPerm extractEntry lib/core/connection/connect.js
459 silly gunzTarPerm extractEntry lib/operations/connect.js
460 silly gunzTarPerm extractEntry es/lib/isBefore.js
461 silly gunzTarPerm extractEntry lib/isBefore.js
462 silly gunzTarPerm extractEntry lib/cmap/connection_pool.js
463 silly gunzTarPerm extractEntry lib/cmap/connection.js
464 silly gunzTarPerm extractEntry es/lib/isBIC.js
465 silly gunzTarPerm extractEntry lib/isBIC.js
466 silly gunzTarPerm extractEntry lib/core/connection/connection.js
467 silly gunzTarPerm extractEntry lib/constants.js
468 silly gunzTarPerm extractEntry es/lib/isBoolean.js
469 silly gunzTarPerm extractEntry lib/isBoolean.js
470 silly gunzTarPerm extractEntry lib/core/wireprotocol/constants.js
471 silly gunzTarPerm extractEntry lib/operations/count_documents.js
472 silly gunzTarPerm extractEntry lib/operations/count.js
473 silly gunzTarPerm extractEntry lib/operations/create_collection.js
474 silly gunzTarPerm extractEntry es/lib/isByteLength.js
475 silly gunzTarPerm extractEntry lib/isByteLength.js
476 silly gunzTarPerm extractEntry lib/operations/create_index.js
477 silly gunzTarPerm extractEntry lib/operations/create_indexes.js
478 silly gunzTarPerm extractEntry lib/operations/cursor_ops.js
479 silly gunzTarPerm extractEntry lib/core/cursor.js
480 silly gunzTarPerm extractEntry es/lib/isCreditCard.js
481 silly gunzTarPerm extractEntry lib/isCreditCard.js
482 silly gunzTarPerm extractEntry lib/cursor.js
483 silly gunzTarPerm extractEntry es/lib/isCurrency.js
484 silly gunzTarPerm extractEntry lib/isCurrency.js
485 silly gunzTarPerm extractEntry lib/operations/db_ops.js
486 silly gunzTarPerm extractEntry es/lib/isDataURI.js
487 silly gunzTarPerm extractEntry lib/isDataURI.js
488 silly gunzTarPerm extractEntry lib/db.js
489 silly gunzTarPerm extractEntry lib/core/auth/defaultAuthProviders.js
490 silly gunzTarPerm extractEntry es/lib/isDecimal.js
491 silly gunzTarPerm extractEntry lib/isDecimal.js
492 silly gunzTarPerm extractEntry lib/operations/delete_many.js
493 silly gunzTarPerm extractEntry lib/operations/delete_one.js
494 silly gunzTarPerm extractEntry es/lib/isDivisibleBy.js
495 silly gunzTarPerm extractEntry lib/isDivisibleBy.js
496 silly gunzTarPerm extractEntry lib/operations/distinct.js
497 silly gunzTarPerm extractEntry lib/gridfs-stream/download.js
498 silly gunzTarPerm extractEntry es/lib/isEmail.js
499 silly gunzTarPerm extractEntry lib/isEmail.js
500 silly gunzTarPerm extractEntry lib/operations/drop_index.js
501 silly gunzTarPerm extractEntry lib/operations/drop_indexes.js
502 silly gunzTarPerm extractEntry es/lib/isEmpty.js
503 silly gunzTarPerm extractEntry lib/isEmpty.js
504 silly gunzTarPerm extractEntry lib/operations/drop.js
505 silly gunzTarPerm extractEntry lib/dynamic_loaders.js
506 silly gunzTarPerm extractEntry es/lib/isFloat.js
507 silly gunzTarPerm extractEntry lib/isFloat.js
508 silly gunzTarPerm extractEntry lib/core/error.js
509 silly gunzTarPerm extractEntry lib/error.js
510 silly gunzTarPerm extractEntry es/lib/isFQDN.js
511 silly gunzTarPerm extractEntry lib/isFQDN.js
512 silly gunzTarPerm extractEntry lib/cmap/errors.js
513 silly gunzTarPerm extractEntry lib/operations/estimated_document_count.js
514 silly gunzTarPerm extractEntry es/lib/isFullWidth.js
515 silly gunzTarPerm extractEntry lib/isFullWidth.js
516 silly gunzTarPerm extractEntry lib/cmap/events.js
517 silly gunzTarPerm extractEntry lib/core/sdam/events.js
518 silly gunzTarPerm extractEntry lib/operations/execute_db_admin_command.js
519 silly gunzTarPerm extractEntry es/lib/isHalfWidth.js
520 silly gunzTarPerm extractEntry lib/isHalfWidth.js
521 silly gunzTarPerm extractEntry lib/operations/execute_operation.js
522 silly gunzTarPerm extractEntry lib/operations/explain.js
523 silly gunzTarPerm extractEntry es/lib/isHash.js
524 silly gunzTarPerm extractEntry lib/isHash.js
525 silly gunzTarPerm extractEntry lib/operations/find_and_modify.js
526 silly gunzTarPerm extractEntry lib/operations/find_one_and_delete.js
527 silly gunzTarPerm extractEntry es/lib/isHexadecimal.js
528 silly gunzTarPerm extractEntry lib/isHexadecimal.js
529 silly gunzTarPerm extractEntry lib/operations/find_one_and_replace.js
530 silly gunzTarPerm extractEntry lib/operations/find_one_and_update.js
531 silly gunzTarPerm extractEntry es/lib/isHexColor.js
532 silly gunzTarPerm extractEntry lib/isHexColor.js
533 silly gunzTarPerm extractEntry lib/operations/find_one.js
534 silly gunzTarPerm extractEntry lib/operations/find.js
535 silly gunzTarPerm extractEntry es/lib/isIdentityCard.js
536 silly gunzTarPerm extractEntry lib/isIdentityCard.js
537 silly gunzTarPerm extractEntry es/lib/isIn.js
538 silly gunzTarPerm extractEntry lib/isIn.js
539 silly gunzTarPerm extractEntry lib/operations/geo_haystack_search.js
540 silly gunzTarPerm extractEntry lib/core/wireprotocol/get_more.js
541 silly gunzTarPerm extractEntry lib/gridfs/grid_store.js
542 silly gunzTarPerm extractEntry lib/core/auth/gssapi.js
543 silly gunzTarPerm extractEntry es/lib/isInt.js
544 silly gunzTarPerm extractEntry lib/isInt.js
545 silly gunzTarPerm extractEntry lib/operations/has_next.js
546 silly gunzTarPerm extractEntry lib/operations/index_exists.js
547 silly gunzTarPerm extractEntry lib/operations/index_information.js
548 silly gunzTarPerm extractEntry es/lib/isIP.js
549 silly gunzTarPerm extractEntry lib/isIP.js
550 silly gunzTarPerm extractEntry index.js
551 silly gunzTarPerm extractEntry lib/core/index.js
552 silly gunzTarPerm extractEntry es/lib/isIPRange.js
553 silly gunzTarPerm extractEntry lib/isIPRange.js
554 silly gunzTarPerm extractEntry lib/core/wireprotocol/index.js
555 silly gunzTarPerm extractEntry lib/gridfs-stream/index.js
556 silly gunzTarPerm extractEntry lib/operations/indexes.js
557 silly gunzTarPerm extractEntry es/lib/isISBN.js
558 silly gunzTarPerm extractEntry lib/isISBN.js
559 silly gunzTarPerm extractEntry lib/operations/insert_many.js
560 silly gunzTarPerm extractEntry es/lib/isISIN.js
561 silly gunzTarPerm extractEntry lib/isISIN.js
562 silly gunzTarPerm extractEntry lib/operations/insert_one.js
563 silly gunzTarPerm extractEntry lib/operations/is_capped.js
564 silly gunzTarPerm extractEntry lib/core/wireprotocol/kill_cursors.js
565 silly gunzTarPerm extractEntry lib/operations/list_collections.js
566 silly gunzTarPerm extractEntry es/lib/isISO31661Alpha2.js
567 silly gunzTarPerm extractEntry lib/isISO31661Alpha2.js
568 silly gunzTarPerm extractEntry lib/operations/list_databases.js
569 silly gunzTarPerm extractEntry lib/operations/list_indexes.js
570 silly gunzTarPerm extractEntry es/lib/isISO31661Alpha3.js
571 silly gunzTarPerm extractEntry lib/isISO31661Alpha3.js
572 silly gunzTarPerm extractEntry lib/core/connection/logger.js
573 silly gunzTarPerm extractEntry lib/operations/map_reduce.js
574 silly gunzTarPerm extractEntry es/lib/isISO8601.js
575 silly gunzTarPerm extractEntry lib/isISO8601.js
576 silly gunzTarPerm extractEntry lib/cmap/message_stream.js
577 silly gunzTarPerm extractEntry lib/mongo_client.js
578 silly gunzTarPerm extractEntry es/lib/isISRC.js
579 silly gunzTarPerm extractEntry lib/isISRC.js
580 silly gunzTarPerm extractEntry lib/core/auth/mongo_credentials.js
581 silly gunzTarPerm extractEntry lib/core/auth/mongocr.js
582 silly gunzTarPerm extractEntry es/lib/isISSN.js
583 silly gunzTarPerm extractEntry lib/isISSN.js
584 silly gunzTarPerm extractEntry lib/core/topologies/mongos.js
585 silly gunzTarPerm extractEntry lib/topologies/mongos.js
586 silly gunzTarPerm extractEntry es/lib/isJSON.js
587 silly gunzTarPerm extractEntry lib/isJSON.js
588 silly gunzTarPerm extractEntry lib/core/sdam/monitor.js
589 silly gunzTarPerm extractEntry lib/core/connection/msg.js
590 silly gunzTarPerm extractEntry es/lib/isJWT.js
591 silly gunzTarPerm extractEntry lib/isJWT.js
592 silly gunzTarPerm extractEntry lib/topologies/native_topology.js
593 silly gunzTarPerm extractEntry lib/operations/next.js
594 silly gunzTarPerm extractEntry lib/operations/operation.js
595 silly gunzTarPerm extractEntry es/lib/isLatLong.js
596 silly gunzTarPerm extractEntry lib/isLatLong.js
597 silly gunzTarPerm extractEntry lib/operations/options_operation.js
598 silly gunzTarPerm extractEntry es/lib/isLength.js
599 silly gunzTarPerm extractEntry lib/isLength.js
600 silly gunzTarPerm extractEntry lib/bulk/ordered.js
601 silly gunzTarPerm extractEntry lib/core/auth/plain.js
602 silly gunzTarPerm extractEntry lib/core/connection/pool.js
603 silly gentlyRm /home/ritik2017/Desktop/NITA BLOGS/NITA_BLOGS/node_modules/.staging/nodemon-4d7a1f8e/node_modules is being purged
604 verbose gentlyRm don't care about contents; nuking /home/ritik2017/Desktop/NITA BLOGS/NITA_BLOGS/node_modules/.staging/nodemon-4d7a1f8e/node_modules
605 silly gunzTarPerm extractEntry lib/operations/profiling_level.js
606 silly gunzTarPerm extractEntry lib/core/wireprotocol/query.js
607 silly gunzTarPerm extractEntry es/lib/isLowercase.js
608 silly gunzTarPerm extractEntry lib/isLowercase.js
609 silly gunzTarPerm extractEntry lib/operations/re_index.js
610 silly gunzTarPerm extractEntry lib/read_concern.js
611 silly gunzTarPerm extractEntry lib/core/topologies/read_preference.js
612 silly gunzTarPerm extractEntry lib/operations/remove_user.js
613 silly gunzTarPerm extractEntry es/lib/isMACAddress.js
614 silly gunzTarPerm extractEntry lib/isMACAddress.js
615 silly gunzTarPerm extractEntry lib/operations/rename.js
616 silly gunzTarPerm extractEntry lib/operations/replace_one.js
617 silly gunzTarPerm extractEntry lib/core/topologies/replset_state.js
618 silly gunzTarPerm extractEntry es/lib/isMagnetURI.js
619 silly gunzTarPerm extractEntry lib/isMagnetURI.js
620 silly gunzTarPerm extractEntry lib/core/topologies/replset.js
621 silly gunzTarPerm extractEntry lib/topologies/replset.js
622 silly gunzTarPerm extractEntry es/lib/isMD5.js
623 silly gunzTarPerm extractEntry lib/isMD5.js
624 silly gunzTarPerm extractEntry lib/core/auth/scram.js
625 silly gunzTarPerm extractEntry lib/core/sdam/server_description.js
626 silly gunzTarPerm extractEntry es/lib/isMimeType.js
627 silly gunzTarPerm extractEntry lib/isMimeType.js
628 silly gunzTarPerm extractEntry lib/core/sdam/server_selection.js
629 silly gunzTarPerm extractEntry lib/core/sdam/server.js
630 silly gunzTarPerm extractEntry es/lib/isMobilePhone.js
631 silly gunzTarPerm extractEntry lib/isMobilePhone.js
632 silly gunzTarPerm extractEntry lib/core/topologies/server.js
633 silly gunzTarPerm extractEntry lib/topologies/server.js
634 silly gunzTarPerm extractEntry es/lib/isMongoId.js
635 silly gunzTarPerm extractEntry lib/isMongoId.js
636 silly gunzTarPerm extractEntry lib/core/sessions.js
637 silly gunzTarPerm extractEntry lib/operations/set_profiling_level.js
638 silly gunzTarPerm extractEntry es/lib/isMultibyte.js
639 silly gunzTarPerm extractEntry lib/isMultibyte.js
640 silly gunzTarPerm extractEntry lib/core/topologies/shared.js
641 silly gunzTarPerm extractEntry lib/core/wireprotocol/shared.js
642 silly gunzTarPerm extractEntry es/lib/isNumeric.js
643 silly gunzTarPerm extractEntry lib/isNumeric.js
644 silly gunzTarPerm extractEntry lib/core/tools/smoke_plugin.js
645 silly gunzTarPerm extractEntry lib/core/sdam/srv_polling.js
646 silly gunzTarPerm extractEntry es/lib/isOctal.js
647 silly gunzTarPerm extractEntry lib/isOctal.js
648 silly gunzTarPerm extractEntry es/lib/isPort.js
649 silly gunzTarPerm extractEntry lib/isPort.js
650 silly gunzTarPerm extractEntry lib/core/auth/sspi.js
651 silly gunzTarPerm extractEntry lib/operations/stats.js
652 silly gunzTarPerm extractEntry es/lib/isPostalCode.js
653 silly gunzTarPerm extractEntry lib/isPostalCode.js
654 silly gunzTarPerm extractEntry lib/cmap/stream_description.js
655 silly gunzTarPerm extractEntry lib/operations/to_array.js
656 silly gunzTarPerm extractEntry es/lib/isRFC3339.js
657 silly gunzTarPerm extractEntry lib/isRFC3339.js
658 silly gunzTarPerm extractEntry lib/topologies/topology_base.js
659 silly gunzTarPerm extractEntry lib/core/sdam/topology_description.js
660 silly gunzTarPerm extractEntry es/lib/isSlug.js
661 silly gunzTarPerm extractEntry lib/isSlug.js
662 silly gunzTarPerm extractEntry lib/core/sdam/topology.js
663 silly gunzTarPerm extractEntry lib/core/transactions.js
664 silly gunzTarPerm extractEntry es/lib/isSurrogatePair.js
665 silly gunzTarPerm extractEntry lib/isSurrogatePair.js
666 silly gunzTarPerm extractEntry lib/bulk/unordered.js
667 silly gunzTarPerm extractEntry lib/operations/update_many.js
668 silly gunzTarPerm extractEntry es/lib/isUppercase.js
669 silly gunzTarPerm extractEntry lib/isUppercase.js
670 silly gunzTarPerm extractEntry lib/operations/update_one.js
671 silly gunzTarPerm extractEntry lib/gridfs-stream/upload.js
672 silly gunzTarPerm extractEntry es/lib/isURL.js
673 silly gunzTarPerm extractEntry lib/isURL.js
674 silly gunzTarPerm extractEntry lib/core/uri_parser.js
675 silly gunzTarPerm extractEntry lib/url_parser.js
676 silly gunzTarPerm extractEntry es/lib/isUUID.js
677 silly gunzTarPerm extractEntry lib/isUUID.js
678 silly gunzTarPerm extractEntry lib/core/connection/utils.js
679 silly gunzTarPerm extractEntry lib/core/utils.js
680 silly gunzTarPerm extractEntry es/lib/isVariableWidth.js
681 silly gunzTarPerm extractEntry lib/isVariableWidth.js
682 silly gunzTarPerm extractEntry lib/utils.js
683 silly gunzTarPerm extractEntry lib/operations/validate_collection.js
684 silly gunzTarPerm extractEntry lib/core/wireprotocol/write_command.js
685 silly gunzTarPerm extractEntry lib/write_concern.js
686 silly gunzTarPerm extractEntry lib/core/auth/x509.js
687 silly gunzTarPerm extractEntry package.json
688 silly gunzTarPerm extractEntry HISTORY.md
689 silly gunzTarPerm extractEntry LICENSE.md
690 silly gunzTarPerm extractEntry README.md
691 silly gunzTarPerm extractEntry es/lib/isWhitelisted.js
692 silly gunzTarPerm extractEntry lib/isWhitelisted.js
693 silly gunzTarPerm extractEntry es/lib/ltrim.js
694 silly gunzTarPerm extractEntry lib/ltrim.js
695 silly gunzTarPerm extractEntry es/lib/matches.js
696 silly gunzTarPerm extractEntry lib/matches.js
697 silly gunzTarPerm extractEntry es/lib/util/merge.js
698 silly gunzTarPerm extractEntry lib/util/merge.js
699 silly gunzTarPerm extractEntry es/lib/normalizeEmail.js
700 silly gunzTarPerm extractEntry lib/normalizeEmail.js
701 silly gunzTarPerm extractEntry es/lib/rtrim.js
702 silly gunzTarPerm extractEntry lib/rtrim.js
703 silly gunzTarPerm extractEntry es/lib/stripLow.js
704 silly gunzTarPerm extractEntry lib/stripLow.js
705 silly gunzTarPerm extractEntry es/lib/toBoolean.js
706 silly gunzTarPerm extractEntry lib/toBoolean.js
707 silly gunzTarPerm extractEntry es/lib/toDate.js
708 silly gunzTarPerm extractEntry lib/toDate.js
709 silly gunzTarPerm extractEntry es/lib/toFloat.js
710 silly gunzTarPerm extractEntry lib/toFloat.js
711 silly gunzTarPerm extractEntry es/lib/toInt.js
712 silly gunzTarPerm extractEntry lib/toInt.js
713 silly gunzTarPerm extractEntry es/lib/util/toString.js
714 silly gunzTarPerm extractEntry lib/util/toString.js
715 silly gunzTarPerm extractEntry es/lib/trim.js
716 silly gunzTarPerm extractEntry lib/trim.js
717 silly gunzTarPerm extractEntry es/lib/unescape.js
718 silly gunzTarPerm extractEntry lib/unescape.js
719 silly gunzTarPerm extractEntry validator.js
720 silly gunzTarPerm extractEntry validator.min.js
721 silly gunzTarPerm extractEntry es/lib/whitelist.js
722 silly gunzTarPerm extractEntry lib/whitelist.js
723 silly gunzTarPerm extractEntry package.json
724 silly gunzTarPerm extractEntry CHANGELOG.md
725 silly gunzTarPerm extractEntry README.md
726 silly gentlyRm /home/ritik2017/Desktop/NITA BLOGS/NITA_BLOGS/node_modules/.staging/validator-ce7d8a10/node_modules is being purged
727 verbose gentlyRm don't care about contents; nuking /home/ritik2017/Desktop/NITA BLOGS/NITA_BLOGS/node_modules/.staging/validator-ce7d8a10/node_modules
728 silly gentlyRm /home/ritik2017/Desktop/NITA BLOGS/NITA_BLOGS/node_modules/.staging/mongodb-8b368e69/node_modules is being purged
729 verbose gentlyRm don't care about contents; nuking /home/ritik2017/Desktop/NITA BLOGS/NITA_BLOGS/node_modules/.staging/mongodb-8b368e69/node_modules
730 silly doParallel preinstall 7
731 silly preinstall ms@2.1.2 /home/ritik2017/Desktop/NITA BLOGS/NITA_BLOGS/node_modules/.staging/ms-2592f9b1
732 info lifecycle ms@2.1.2~preinstall: ms@2.1.2
733 silly preinstall debug@3.2.6 /home/ritik2017/Desktop/NITA BLOGS/NITA_BLOGS/node_modules/.staging/debug-4ad150ec
734 info lifecycle debug@3.2.6~preinstall: debug@3.2.6
735 silly preinstall dotenv@8.2.0 /home/ritik2017/Desktop/NITA BLOGS/NITA_BLOGS/node_modules/.staging/dotenv-bf73fe5b
736 info lifecycle dotenv@8.2.0~preinstall: dotenv@8.2.0
737 silly preinstall ejs@3.0.1 /home/ritik2017/Desktop/NITA BLOGS/NITA_BLOGS/node_modules/.staging/ejs-e7589ffd
738 info lifecycle ejs@3.0.1~preinstall: ejs@3.0.1
739 silly preinstall mongodb@3.5.2 /home/ritik2017/Desktop/NITA BLOGS/NITA_BLOGS/node_modules/.staging/mongodb-8b368e69
740 info lifecycle mongodb@3.5.2~preinstall: mongodb@3.5.2
741 silly preinstall nodemon@2.0.2 /home/ritik2017/Desktop/NITA BLOGS/NITA_BLOGS/node_modules/.staging/nodemon-4d7a1f8e
742 info lifecycle nodemon@2.0.2~preinstall: nodemon@2.0.2
743 silly preinstall validator@12.2.0 /home/ritik2017/Desktop/NITA BLOGS/NITA_BLOGS/node_modules/.staging/validator-ce7d8a10
744 info lifecycle validator@12.2.0~preinstall: validator@12.2.0
745 silly lifecycle ms@2.1.2~preinstall: no script for preinstall, continuing
746 silly lifecycle debug@3.2.6~preinstall: no script for preinstall, continuing
747 silly lifecycle dotenv@8.2.0~preinstall: no script for preinstall, continuing
748 silly lifecycle ejs@3.0.1~preinstall: no script for preinstall, continuing
749 silly lifecycle mongodb@3.5.2~preinstall: no script for preinstall, continuing
750 silly lifecycle nodemon@2.0.2~preinstall: no script for preinstall, continuing
751 silly lifecycle validator@12.2.0~preinstall: no script for preinstall, continuing
752 silly doReverseSerial remove 0
753 silly doSerial move 0
754 silly doSerial finalize 7
755 silly finalize /home/ritik2017/Desktop/NITA BLOGS/NITA_BLOGS/node_modules/nodemon/node_modules/ms
756 silly finalize /home/ritik2017/Desktop/NITA BLOGS/NITA_BLOGS/node_modules/nodemon/node_modules/debug
757 silly finalize /home/ritik2017/Desktop/NITA BLOGS/NITA_BLOGS/node_modules/dotenv
758 silly finalize /home/ritik2017/Desktop/NITA BLOGS/NITA_BLOGS/node_modules/ejs
759 silly finalize /home/ritik2017/Desktop/NITA BLOGS/NITA_BLOGS/node_modules/mongodb
760 silly finalize /home/ritik2017/Desktop/NITA BLOGS/NITA_BLOGS/node_modules/nodemon
761 verbose unlock done using /home/ritik2017/.npm/_locks/staging-0c02a3c80e546d3d.lock for /home/ritik2017/Desktop/NITA BLOGS/NITA_BLOGS/node_modules/.staging
762 silly rollbackFailedOptional Starting
763 silly rollbackFailedOptional Finishing
764 silly runTopLevelLifecycles Starting
765 silly runTopLevelLifecycles Finishing
766 silly install printInstalled
767 warn nitablogs@1.0.0 No description
768 verbose stack Error: ENOTEMPTY: directory not empty, rename '/home/ritik2017/Desktop/NITA BLOGS/NITA_BLOGS/node_modules/nodemon' -> '/home/ritik2017/Desktop/NITA BLOGS/NITA_BLOGS/node_modules/.nodemon.DELETE'
768 verbose stack     at moveAway (/usr/share/npm/lib/install/action/finalize.js:38:5)
768 verbose stack     at destStatted (/usr/share/npm/lib/install/action/finalize.js:27:7)
768 verbose stack     at FSReqWrap.oncomplete (fs.js:153:5)
768 verbose stack
768 verbose stack Error: ENOTEMPTY: directory not empty, rename '/home/ritik2017/Desktop/NITA BLOGS/NITA_BLOGS/node_modules/nodemon' -> '/home/ritik2017/Desktop/NITA BLOGS/NITA_BLOGS/node_modules/.nodemon.DELETE'
769 verbose cwd /home/ritik2017/Desktop/NITA BLOGS/NITA_BLOGS
770 error Linux 5.0.0-37-generic
771 error argv "/usr/bin/node" "/usr/bin/npm" "install" "nodemon"
772 error node v8.10.0
773 error npm  v3.5.2
774 error path /home/ritik2017/Desktop/NITA BLOGS/NITA_BLOGS/node_modules/nodemon
775 error code ENOTEMPTY
776 error errno -39
777 error syscall rename
778 error ENOTEMPTY: directory not empty, rename '/home/ritik2017/Desktop/NITA BLOGS/NITA_BLOGS/node_modules/nodemon' -> '/home/ritik2017/Desktop/NITA BLOGS/NITA_BLOGS/node_modules/.nodemon.DELETE'
779 error If you need help, you may report this error at:
779 error     <https://github.com/npm/npm/issues>
780 verbose exit [ -39, true ]
